<?xml version="1.0" encoding="UTF-8"?>
<!-- Generated by org.testng.reporters.JUnitReportReporter -->
<testsuite hostname="pond.jfrog.org" name="org.artifactory.api.security.PermissionTargetInfoTest" tests="5" failures="0" timestamp="13 May 2013 13:11:42 GMT" time="0.001" errors="0">
  <testcase name="copyConstructor" time="0.001" classname="org.artifactory.api.security.PermissionTargetInfoTest"/>
  <testcase name="createWithNoIncluesExcludesPatterns" time="0.000" classname="org.artifactory.api.security.PermissionTargetInfoTest"/>
  <testcase name="copyConstructorReflectionEquality" time="0.000" classname="org.artifactory.api.security.PermissionTargetInfoTest"/>
  <testcase name="createWithIncluesAndExcludesPatterns" time="0.000" classname="org.artifactory.api.security.PermissionTargetInfoTest"/>
  <testcase name="testDefaultConstructor" time="0.000" classname="org.artifactory.api.security.PermissionTargetInfoTest"/>
</testsuite> <!-- org.artifactory.api.security.PermissionTargetInfoTest -->
