<?xml version="1.0" encoding="UTF-8"?>
<!-- Generated by org.testng.reporters.JUnitReportReporter -->
<testsuite hostname="pond.jfrog.org" name="org.artifactory.api.security.UserInfoTest" tests="2" failures="0" timestamp="13 May 2013 13:11:42 GMT" time="0.011" errors="0">
  <testcase name="copyConstructor" time="0.009" classname="org.artifactory.api.security.UserInfoTest"/>
  <testcase name="addRemoveGroup" time="0.002" classname="org.artifactory.api.security.UserInfoTest"/>
</testsuite> <!-- org.artifactory.api.security.UserInfoTest -->
