<?xml version="1.0" encoding="UTF-8"?>
<!-- Generated by org.testng.reporters.JUnitReportReporter -->
<testsuite hostname="pond.jfrog.org" name="org.artifactory.util.RepoPathUtilsTest" tests="4" failures="0" timestamp="13 May 2013 13:11:42 GMT" time="0.002" errors="0">
  <testcase name="getAncestorOfRoot" time="0.000" classname="org.artifactory.util.RepoPathUtilsTest"/>
  <testcase name="getAncestorGrandParent" time="0.001" classname="org.artifactory.util.RepoPathUtilsTest"/>
  <testcase name="getAncestorBeyondRoot" time="0.001" classname="org.artifactory.util.RepoPathUtilsTest"/>
  <testcase name="getAncestorParent" time="0.000" classname="org.artifactory.util.RepoPathUtilsTest"/>
</testsuite> <!-- org.artifactory.util.RepoPathUtilsTest -->
