<?xml version="1.0" encoding="UTF-8"?>
<!-- Generated by org.testng.reporters.JUnitReportReporter -->
<testsuite hostname="pond.jfrog.org" name="org.artifactory.api.fs.FileAdditionalInfoTest" tests="5" failures="0" timestamp="13 May 2013 13:11:42 GMT" time="0.010" errors="0">
  <testcase name="testIsIdentical" time="0.001" classname="org.artifactory.api.fs.FileAdditionalInfoTest"/>
  <testcase name="copyConstructor" time="0.004" classname="org.artifactory.api.fs.FileAdditionalInfoTest"/>
  <testcase name="settingChecksums" time="0.001" classname="org.artifactory.api.fs.FileAdditionalInfoTest"/>
  <testcase name="defaultConstructor" time="0.002" classname="org.artifactory.api.fs.FileAdditionalInfoTest"/>
  <testcase name="testNotIdentical" time="0.002" classname="org.artifactory.api.fs.FileAdditionalInfoTest"/>
</testsuite> <!-- org.artifactory.api.fs.FileAdditionalInfoTest -->
