<?xml version="1.0" encoding="UTF-8"?>
<!-- Generated by org.testng.reporters.JUnitReportReporter -->
<testsuite hostname="pond.jfrog.org" name="org.artifactory.model.common.RepoPathTest" tests="10" failures="0" timestamp="13 May 2013 13:11:42 GMT" time="0.002" errors="0">
  <testcase name="rootPath" time="0.001" classname="org.artifactory.model.common.RepoPathTest"/>
  <testcase name="archiveResourcePath" time="0.000" classname="org.artifactory.model.common.RepoPathTest"/>
  <testcase name="getParentRepoPathWithParent" time="0.000" classname="org.artifactory.model.common.RepoPathTest"/>
  <testcase name="toPathWithRelativePath" time="0.000" classname="org.artifactory.model.common.RepoPathTest"/>
  <testcase name="getParentRepoPathForRoot" time="0.001" classname="org.artifactory.model.common.RepoPathTest"/>
  <testcase name="getParentRepoPathWithNoParent" time="0.000" classname="org.artifactory.model.common.RepoPathTest"/>
  <testcase name="archiveResourcePathLeadingSlash" time="0.000" classname="org.artifactory.model.common.RepoPathTest"/>
  <testcase name="repoRootPath" time="0.000" classname="org.artifactory.model.common.RepoPathTest"/>
  <testcase name="toPathRootRepoPath" time="0.000" classname="org.artifactory.model.common.RepoPathTest"/>
  <testcase name="getParentRepoPathLastParent" time="0.000" classname="org.artifactory.model.common.RepoPathTest"/>
</testsuite> <!-- org.artifactory.model.common.RepoPathTest -->
