<?xml version="1.0" encoding="UTF-8"?>
<!-- Generated by org.testng.reporters.JUnitReportReporter -->
<testsuite hostname="pond.jfrog.org" name="org.artifactory.repo.InternalRepoPathFactoryTest" tests="3" failures="0" timestamp="13 May 2013 13:11:42 GMT" time="0.012" errors="0">
  <testcase name="cacheRepoPathFromRootRepoPath" time="0.000" classname="org.artifactory.repo.InternalRepoPathFactoryTest"/>
  <testcase name="cacheRepoPathFromCache" time="0.012" classname="org.artifactory.repo.InternalRepoPathFactoryTest"/>
  <testcase name="cacheRepoPathFromRemote" time="0.000" classname="org.artifactory.repo.InternalRepoPathFactoryTest"/>
</testsuite> <!-- org.artifactory.repo.InternalRepoPathFactoryTest -->
