<?xml version="1.0" encoding="UTF-8"?>
<!-- Generated by org.testng.reporters.JUnitReportReporter -->
<testsuite hostname="pond.jfrog.org" name="org.artifactory.storage.db.binstore.itest.service.BinaryStoreExternalProviderCopyFirstTest" tests="11" failures="0" timestamp="13 May 2013 13:12:30 GMT" time="0.125" errors="0">
  <testcase name="testLoadResources" time="0.004" classname="org.artifactory.storage.db.binstore.itest.service.BinaryStoreExternalProviderCopyFirstTest"/>
  <testcase name="testLoadResources" time="0.004" classname="org.artifactory.storage.db.binstore.itest.service.BinaryStoreExternalProviderCopyFirstTest"/>
  <testcase name="testGarbageOneByOne" time="0.014" classname="org.artifactory.storage.db.binstore.itest.service.BinaryStoreExternalProviderCopyFirstTest"/>
  <testcase name="testEmpty" time="0.013" classname="org.artifactory.storage.db.binstore.itest.service.BinaryStoreExternalProviderCopyFirstTest"/>
  <testcase name="verifyDbResourcesReleased" time="0.000" classname="org.artifactory.storage.db.binstore.itest.service.BinaryStoreExternalProviderCopyFirstTest"/>
  <testcase name="testGarbageOneByOne" time="0.013" classname="org.artifactory.storage.db.binstore.itest.service.BinaryStoreExternalProviderCopyFirstTest"/>
  <testcase name="testLoadResources" time="0.004" classname="org.artifactory.storage.db.binstore.itest.service.BinaryStoreExternalProviderCopyFirstTest"/>
  <testcase name="testLoadResources" time="0.006" classname="org.artifactory.storage.db.binstore.itest.service.BinaryStoreExternalProviderCopyFirstTest"/>
  <testcase name="testGarbageOneByOne" time="0.017" classname="org.artifactory.storage.db.binstore.itest.service.BinaryStoreExternalProviderCopyFirstTest"/>
  <testcase name="testLoadedNothingToDelete" time="0.036" classname="org.artifactory.storage.db.binstore.itest.service.BinaryStoreExternalProviderCopyFirstTest"/>
  <testcase name="testGarbageOneByOne" time="0.014" classname="org.artifactory.storage.db.binstore.itest.service.BinaryStoreExternalProviderCopyFirstTest"/>
</testsuite> <!-- org.artifactory.storage.db.binstore.itest.service.BinaryStoreExternalProviderCopyFirstTest -->
