<?xml version="1.0" encoding="UTF-8"?>
<!-- Generated by org.testng.reporters.JUnitReportReporter -->
<testsuite hostname="pond.jfrog.org" name="org.artifactory.storage.db.build.itest.dao.BuildArtifactsDaoTest" tests="7" failures="0" timestamp="13 May 2013 13:12:30 GMT" time="0.099" errors="0">
  <testcase name="testCreateMultipleArtifacts" time="0.042" classname="org.artifactory.storage.db.build.itest.dao.BuildArtifactsDaoTest"/>
  <testcase name="testCreateNullChecksumsDependencies" time="0.011" classname="org.artifactory.storage.db.build.itest.dao.BuildArtifactsDaoTest"/>
  <testcase name="testFindBySha1" time="0.007" classname="org.artifactory.storage.db.build.itest.dao.BuildArtifactsDaoTest"/>
  <testcase name="testDeleteBuildArtifacts" time="0.018" classname="org.artifactory.storage.db.build.itest.dao.BuildArtifactsDaoTest"/>
  <testcase name="testFindByMd5" time="0.008" classname="org.artifactory.storage.db.build.itest.dao.BuildArtifactsDaoTest"/>
  <testcase name="verifyDbResourcesReleased" time="0.003" classname="org.artifactory.storage.db.build.itest.dao.BuildArtifactsDaoTest"/>
  <testcase name="testCreateSimpleArtifact" time="0.010" classname="org.artifactory.storage.db.build.itest.dao.BuildArtifactsDaoTest"/>
</testsuite> <!-- org.artifactory.storage.db.build.itest.dao.BuildArtifactsDaoTest -->
