<?xml version="1.0" encoding="UTF-8"?>
<!-- Generated by org.testng.reporters.JUnitReportReporter -->
<testsuite hostname="pond.jfrog.org" name="org.artifactory.storage.db.fs.itest.service.StatsServiceImplTest" tests="17" failures="0" timestamp="13 May 2013 13:12:30 GMT" time="0.045" errors="0">
  <testcase name="hasStatsFileWithStats" time="0.003" classname="org.artifactory.storage.db.fs.itest.service.StatsServiceImplTest"/>
  <testcase name="deleteStatsOnFileWithStats" time="0.003" classname="org.artifactory.storage.db.fs.itest.service.StatsServiceImplTest"/>
  <testcase name="verifyDbResourcesReleased" time="0.001" classname="org.artifactory.storage.db.fs.itest.service.StatsServiceImplTest"/>
  <testcase name="getStatsFileWithStats" time="0.004" classname="org.artifactory.storage.db.fs.itest.service.StatsServiceImplTest"/>
  <testcase name="hasStatsFolder" time="0.005" classname="org.artifactory.storage.db.fs.itest.service.StatsServiceImplTest"/>
  <testcase name="setStatsOnFileWithoutStats" time="0.005" classname="org.artifactory.storage.db.fs.itest.service.StatsServiceImplTest"/>
  <testcase name="fileDownloadedOnNonExistingItem" time="0.004" classname="org.artifactory.storage.db.fs.itest.service.StatsServiceImplTest"/>
  <testcase name="getStatsFolder" time="0.002" classname="org.artifactory.storage.db.fs.itest.service.StatsServiceImplTest"/>
  <testcase name="getStatsFileWithNoStats" time="0.001" classname="org.artifactory.storage.db.fs.itest.service.StatsServiceImplTest"/>
  <testcase name="fileDownloadedOnFileWithNoStats" time="0.002" classname="org.artifactory.storage.db.fs.itest.service.StatsServiceImplTest"/>
  <testcase name="setStatsOnFileWithStats" time="0.004" classname="org.artifactory.storage.db.fs.itest.service.StatsServiceImplTest"/>
  <testcase name="getStatsNonExistingItem" time="0.002" classname="org.artifactory.storage.db.fs.itest.service.StatsServiceImplTest"/>
  <testcase name="hasStatsFileWithoutStats" time="0.002" classname="org.artifactory.storage.db.fs.itest.service.StatsServiceImplTest"/>
  <testcase name="deleteStatsOnFileWithoutStats" time="0.002" classname="org.artifactory.storage.db.fs.itest.service.StatsServiceImplTest"/>
  <testcase name="fileDownloadedOnFileWithStats" time="0.002" classname="org.artifactory.storage.db.fs.itest.service.StatsServiceImplTest"/>
  <testcase name="hasStatsNonExistentPath" time="0.001" classname="org.artifactory.storage.db.fs.itest.service.StatsServiceImplTest"/>
  <testcase name="deleteStatsOnNonExistingNode" time="0.002" classname="org.artifactory.storage.db.fs.itest.service.StatsServiceImplTest"/>
</testsuite> <!-- org.artifactory.storage.db.fs.itest.service.StatsServiceImplTest -->
