<?xml version="1.0" encoding="UTF-8"?>
<!-- Generated by org.testng.reporters.JUnitReportReporter -->
<testsuite hostname="pond.jfrog.org" name="org.artifactory.storage.db.fs.itest.service.ConfigsServiceImplTest" tests="10" failures="0" timestamp="13 May 2013 13:12:30 GMT" time="0.019" errors="0">
  <testcase name="verifyDbResourcesReleased" time="0.001" classname="org.artifactory.storage.db.fs.itest.service.ConfigsServiceImplTest"/>
  <testcase name="updateConfigNoConfig" time="0.002" classname="org.artifactory.storage.db.fs.itest.service.ConfigsServiceImplTest"/>
  <testcase name="addConfigExistingConfig" time="0.001" classname="org.artifactory.storage.db.fs.itest.service.ConfigsServiceImplTest"/>
  <testcase name="addOrUpdateConfig" time="0.005" classname="org.artifactory.storage.db.fs.itest.service.ConfigsServiceImplTest"/>
  <testcase name="updateConfig" time="0.002" classname="org.artifactory.storage.db.fs.itest.service.ConfigsServiceImplTest"/>
  <testcase name="hasConfig" time="0.001" classname="org.artifactory.storage.db.fs.itest.service.ConfigsServiceImplTest"/>
  <testcase name="getConfig" time="0.000" classname="org.artifactory.storage.db.fs.itest.service.ConfigsServiceImplTest"/>
  <testcase name="hasConfigNoConfig" time="0.002" classname="org.artifactory.storage.db.fs.itest.service.ConfigsServiceImplTest"/>
  <testcase name="loadConfigNoConfig" time="0.001" classname="org.artifactory.storage.db.fs.itest.service.ConfigsServiceImplTest"/>
  <testcase name="addConfig" time="0.004" classname="org.artifactory.storage.db.fs.itest.service.ConfigsServiceImplTest"/>
</testsuite> <!-- org.artifactory.storage.db.fs.itest.service.ConfigsServiceImplTest -->
