<?xml version="1.0" encoding="UTF-8"?>
<!-- Generated by org.testng.reporters.JUnitReportReporter -->
<testsuite hostname="pond.jfrog.org" name="org.artifactory.storage.db.security.itest.dao.FullDeleteUserGroupsDaoTest" tests="3" failures="0" timestamp="13 May 2013 13:12:30 GMT" time="0.025" errors="0">
  <testcase name="testDeleteLastAdmin" time="0.018" classname="org.artifactory.storage.db.security.itest.dao.FullDeleteUserGroupsDaoTest"/>
  <testcase name="verifyDbResourcesReleased" time="0.001" classname="org.artifactory.storage.db.security.itest.dao.FullDeleteUserGroupsDaoTest"/>
  <testcase name="testDeleteAllData" time="0.006" classname="org.artifactory.storage.db.security.itest.dao.FullDeleteUserGroupsDaoTest"/>
</testsuite> <!-- org.artifactory.storage.db.security.itest.dao.FullDeleteUserGroupsDaoTest -->
