<?xml version="1.0" encoding="UTF-8"?>
<!-- Generated by org.testng.reporters.JUnitReportReporter -->
<testsuite hostname="pond.jfrog.org" name="org.artifactory.storage.db.build.entity.BuildEntityTest" tests="18" failures="0" timestamp="13 May 2013 13:12:12 GMT" time="0.055" errors="0">
  <testcase name="noNameBuildTest" time="0.001" classname="org.artifactory.storage.db.build.entity.BuildEntityTest"/>
  <testcase name="doubleSetPropertiesInBuildTest" time="0.000" classname="org.artifactory.storage.db.build.entity.BuildEntityTest"/>
  <testcase name="noIdBuildTest" time="0.000" classname="org.artifactory.storage.db.build.entity.BuildEntityTest"/>
  <testcase name="noDateBuildTest" time="0.000" classname="org.artifactory.storage.db.build.entity.BuildEntityTest"/>
  <testcase name="nullNameBuildTest" time="0.000" classname="org.artifactory.storage.db.build.entity.BuildEntityTest"/>
  <testcase name="negIdBuildTest" time="0.000" classname="org.artifactory.storage.db.build.entity.BuildEntityTest"/>
  <testcase name="nullNumberBuildTest" time="0.000" classname="org.artifactory.storage.db.build.entity.BuildEntityTest"/>
  <testcase name="buildPropertiesTest" time="0.001" classname="org.artifactory.storage.db.build.entity.BuildEntityTest"/>
  <testcase name="simpleBuildTest" time="0.000" classname="org.artifactory.storage.db.build.entity.BuildEntityTest"/>
  <testcase name="buildPromotionsTest" time="0.038" classname="org.artifactory.storage.db.build.entity.BuildEntityTest"/>
  <testcase name="noPromotionsInBuildTest" time="0.000" classname="org.artifactory.storage.db.build.entity.BuildEntityTest"/>
  <testcase name="setNullPropertiesInBuildTest" time="0.001" classname="org.artifactory.storage.db.build.entity.BuildEntityTest"/>
  <testcase name="doubleSetPromotionsInBuildTest" time="0.011" classname="org.artifactory.storage.db.build.entity.BuildEntityTest"/>
  <testcase name="noNumberBuildTest" time="0.001" classname="org.artifactory.storage.db.build.entity.BuildEntityTest"/>
  <testcase name="noPropertiesInBuildTest" time="0.000" classname="org.artifactory.storage.db.build.entity.BuildEntityTest"/>
  <testcase name="nullDateBuildTest" time="0.000" classname="org.artifactory.storage.db.build.entity.BuildEntityTest"/>
  <testcase name="setNullPromotionsInBuildTest" time="0.001" classname="org.artifactory.storage.db.build.entity.BuildEntityTest"/>
  <testcase name="maxNullBuildTest" time="0.001" classname="org.artifactory.storage.db.build.entity.BuildEntityTest"/>
</testsuite> <!-- org.artifactory.storage.db.build.entity.BuildEntityTest -->
