<?xml version="1.0" encoding="UTF-8"?>
<!-- Generated by org.testng.reporters.JUnitReportReporter -->
<testsuite hostname="pond.jfrog.org" name="org.artifactory.storage.db.fs.entity.NodeBuilderTest" tests="2" failures="0" timestamp="13 May 2013 13:12:12 GMT" time="0.301" errors="0">
  <testcase name="buildDirectory" time="0.301" classname="org.artifactory.storage.db.fs.entity.NodeBuilderTest"/>
  <testcase name="buildFile" time="0.000" classname="org.artifactory.storage.db.fs.entity.NodeBuilderTest"/>
</testsuite> <!-- org.artifactory.storage.db.fs.entity.NodeBuilderTest -->
