<?xml version="1.0" encoding="UTF-8"?>
<!-- Generated by org.testng.reporters.JUnitReportReporter -->
<testsuite hostname="pond.jfrog.org" name="org.artifactory.storage.db.build.itest.dao.BuildModulesDaoTest" tests="5" failures="0" timestamp="13 May 2013 13:12:30 GMT" time="0.083" errors="0">
  <testcase name="testCreateTwoBuildModulesWithProperties" time="0.033" classname="org.artifactory.storage.db.build.itest.dao.BuildModulesDaoTest"/>
  <testcase name="testReadBuildModulesById" time="0.010" classname="org.artifactory.storage.db.build.itest.dao.BuildModulesDaoTest"/>
  <testcase name="testDeleteBuildModules" time="0.036" classname="org.artifactory.storage.db.build.itest.dao.BuildModulesDaoTest"/>
  <testcase name="testSimpleCreateBuildModule" time="0.004" classname="org.artifactory.storage.db.build.itest.dao.BuildModulesDaoTest"/>
  <testcase name="verifyDbResourcesReleased" time="0.000" classname="org.artifactory.storage.db.build.itest.dao.BuildModulesDaoTest"/>
</testsuite> <!-- org.artifactory.storage.db.build.itest.dao.BuildModulesDaoTest -->
