<?xml version="1.0" encoding="UTF-8"?>
<!-- Generated by org.testng.reporters.JUnitReportReporter -->
<testsuite hostname="pond.jfrog.org" name="org.artifactory.storage.db.fs.itest.ItemTreeTest" tests="4" failures="0" timestamp="13 May 2013 13:12:30 GMT" time="0.048" errors="0">
  <testcase name="verifyDbResourcesReleased" time="0.002" classname="org.artifactory.storage.db.fs.itest.ItemTreeTest"/>
  <testcase name="preBuildTree" time="0.027" classname="org.artifactory.storage.db.fs.itest.ItemTreeTest"/>
  <testcase name="treeWithFilter" time="0.003" classname="org.artifactory.storage.db.fs.itest.ItemTreeTest"/>
  <testcase name="rootItemTree" time="0.016" classname="org.artifactory.storage.db.fs.itest.ItemTreeTest"/>
</testsuite> <!-- org.artifactory.storage.db.fs.itest.ItemTreeTest -->
