<?xml version="1.0" encoding="UTF-8"?>
<!-- Generated by org.testng.reporters.JUnitReportReporter -->
<testsuite hostname="pond.jfrog.org" name="org.artifactory.storage.db.build.entity.BuildDependencyTest" tests="10" failures="0" timestamp="13 May 2013 13:12:12 GMT" time="0.004" errors="0">
  <testcase name="negDependencyIdTest" time="0.000" classname="org.artifactory.storage.db.build.entity.BuildDependencyTest"/>
  <testcase name="noModuleIdTest" time="0.000" classname="org.artifactory.storage.db.build.entity.BuildDependencyTest"/>
  <testcase name="emptyDependencyNameTest" time="0.001" classname="org.artifactory.storage.db.build.entity.BuildDependencyTest"/>
  <testcase name="mostlyNullBuildDependencyTest2" time="0.000" classname="org.artifactory.storage.db.build.entity.BuildDependencyTest"/>
  <testcase name="noDependencyNameTest" time="0.000" classname="org.artifactory.storage.db.build.entity.BuildDependencyTest"/>
  <testcase name="negModuleIdTest" time="0.001" classname="org.artifactory.storage.db.build.entity.BuildDependencyTest"/>
  <testcase name="noDependencyIdTest" time="0.001" classname="org.artifactory.storage.db.build.entity.BuildDependencyTest"/>
  <testcase name="mostlyNullBuildDependencyTest" time="0.001" classname="org.artifactory.storage.db.build.entity.BuildDependencyTest"/>
  <testcase name="simpleBuildDependencyTest" time="0.000" classname="org.artifactory.storage.db.build.entity.BuildDependencyTest"/>
  <testcase name="mostlyNullBuildDependencyTest3" time="0.000" classname="org.artifactory.storage.db.build.entity.BuildDependencyTest"/>
</testsuite> <!-- org.artifactory.storage.db.build.entity.BuildDependencyTest -->
