<?xml version="1.0" encoding="UTF-8"?>
<!-- Generated by org.testng.reporters.JUnitReportReporter -->
<testsuite hostname="pond.jfrog.org" name="org.artifactory.storage.db.fs.entity.NodePathTest" tests="13" failures="0" timestamp="13 May 2013 13:12:12 GMT" time="0.007" errors="0">
  <testcase name="simpleConstructor" time="0.000" classname="org.artifactory.storage.db.fs.entity.NodePathTest"/>
  <testcase name="pathNameOfRoot" time="0.000" classname="org.artifactory.storage.db.fs.entity.NodePathTest"/>
  <testcase name="constructorNoPath" time="0.000" classname="org.artifactory.storage.db.fs.entity.NodePathTest"/>
  <testcase name="pathName" time="0.000" classname="org.artifactory.storage.db.fs.entity.NodePathTest"/>
  <testcase name="constructorRootPath" time="0.000" classname="org.artifactory.storage.db.fs.entity.NodePathTest"/>
  <testcase name="buildFromRepoPathDepth1" time="0.000" classname="org.artifactory.storage.db.fs.entity.NodePathTest"/>
  <testcase name="constructorPathWithNoName" time="0.000" classname="org.artifactory.storage.db.fs.entity.NodePathTest"/>
  <testcase name="buildFromRepoPath" time="0.005" classname="org.artifactory.storage.db.fs.entity.NodePathTest"/>
  <testcase name="toRepoPathDepth1" time="0.000" classname="org.artifactory.storage.db.fs.entity.NodePathTest"/>
  <testcase name="constructorNoRepo" time="0.000" classname="org.artifactory.storage.db.fs.entity.NodePathTest"/>
  <testcase name="buildFromRootRepoPath" time="0.001" classname="org.artifactory.storage.db.fs.entity.NodePathTest"/>
  <testcase name="toRepoPath" time="0.000" classname="org.artifactory.storage.db.fs.entity.NodePathTest"/>
  <testcase name="pathNameRootChild" time="0.001" classname="org.artifactory.storage.db.fs.entity.NodePathTest"/>
</testsuite> <!-- org.artifactory.storage.db.fs.entity.NodePathTest -->
