<?xml version="1.0" encoding="UTF-8"?>
<!-- Generated by org.testng.reporters.JUnitReportReporter -->
<testsuite hostname="pond.jfrog.org" name="org.artifactory.storage.db.fs.itest.dao.ArchiveEntriesDaoTest" tests="17" failures="0" timestamp="13 May 2013 13:12:30 GMT" time="0.153" errors="0">
  <testcase name="hasIndexedArchivesEntries" time="0.012" classname="org.artifactory.storage.db.fs.itest.dao.ArchiveEntriesDaoTest"/>
  <testcase name="createFindArchiveNameEntry" time="0.012" classname="org.artifactory.storage.db.fs.itest.dao.ArchiveEntriesDaoTest"/>
  <testcase name="verifyDbResourcesReleased" time="0.000" classname="org.artifactory.storage.db.fs.itest.dao.ArchiveEntriesDaoTest"/>
  <testcase name="removeByChecksum" time="0.024" classname="org.artifactory.storage.db.fs.itest.dao.ArchiveEntriesDaoTest"/>
  <testcase name="deleteUnreferencedNameIds" time="0.021" classname="org.artifactory.storage.db.fs.itest.dao.ArchiveEntriesDaoTest"/>
  <testcase name="loadByChecksumNonExisting" time="0.003" classname="org.artifactory.storage.db.fs.itest.dao.ArchiveEntriesDaoTest"/>
  <testcase name="findArchivePathEntryEmpty" time="0.002" classname="org.artifactory.storage.db.fs.itest.dao.ArchiveEntriesDaoTest"/>
  <testcase name="loadByChecksum" time="0.028" classname="org.artifactory.storage.db.fs.itest.dao.ArchiveEntriesDaoTest"/>
  <testcase name="getEntryPathExistingPath" time="0.001" classname="org.artifactory.storage.db.fs.itest.dao.ArchiveEntriesDaoTest"/>
  <testcase name="createFindArchiveNameEntryEmpty" time="0.004" classname="org.artifactory.storage.db.fs.itest.dao.ArchiveEntriesDaoTest"/>
  <testcase name="isIndexedNoSuchChecksum" time="0.001" classname="org.artifactory.storage.db.fs.itest.dao.ArchiveEntriesDaoTest"/>
  <testcase name="isIndexed" time="0.002" classname="org.artifactory.storage.db.fs.itest.dao.ArchiveEntriesDaoTest"/>
  <testcase name="getEntryPathNonExistingPath" time="0.001" classname="org.artifactory.storage.db.fs.itest.dao.ArchiveEntriesDaoTest"/>
  <testcase name="removeByChecksumNoSuchChecksum" time="0.001" classname="org.artifactory.storage.db.fs.itest.dao.ArchiveEntriesDaoTest"/>
  <testcase name="createFindArchivePathEntry" time="0.011" classname="org.artifactory.storage.db.fs.itest.dao.ArchiveEntriesDaoTest"/>
  <testcase name="createIndexedArchive" time="0.015" classname="org.artifactory.storage.db.fs.itest.dao.ArchiveEntriesDaoTest"/>
  <testcase name="deleteUnreferencedPathIds" time="0.015" classname="org.artifactory.storage.db.fs.itest.dao.ArchiveEntriesDaoTest"/>
</testsuite> <!-- org.artifactory.storage.db.fs.itest.dao.ArchiveEntriesDaoTest -->
