<?xml version="1.0" encoding="UTF-8"?>
<!-- Generated by org.testng.reporters.JUnitReportReporter -->
<testsuite hostname="pond.jfrog.org" name="org.artifactory.storage.db.binstore.itest.service.BinaryStoreImplFileProviderTest" tests="11" failures="0" timestamp="13 May 2013 13:12:30 GMT" time="0.245" errors="0">
  <testcase name="testLoadResources" time="0.006" classname="org.artifactory.storage.db.binstore.itest.service.BinaryStoreImplFileProviderTest"/>
  <testcase name="testGarbageOneByOne" time="0.015" classname="org.artifactory.storage.db.binstore.itest.service.BinaryStoreImplFileProviderTest"/>
  <testcase name="testGarbageOneByOne" time="0.013" classname="org.artifactory.storage.db.binstore.itest.service.BinaryStoreImplFileProviderTest"/>
  <testcase name="testEmpty" time="0.065" classname="org.artifactory.storage.db.binstore.itest.service.BinaryStoreImplFileProviderTest"/>
  <testcase name="testLoadResources" time="0.006" classname="org.artifactory.storage.db.binstore.itest.service.BinaryStoreImplFileProviderTest"/>
  <testcase name="testGarbageOneByOne" time="0.015" classname="org.artifactory.storage.db.binstore.itest.service.BinaryStoreImplFileProviderTest"/>
  <testcase name="testLoadResources" time="0.006" classname="org.artifactory.storage.db.binstore.itest.service.BinaryStoreImplFileProviderTest"/>
  <testcase name="testLoadResources" time="0.019" classname="org.artifactory.storage.db.binstore.itest.service.BinaryStoreImplFileProviderTest"/>
  <testcase name="testLoadedNothingToDelete" time="0.050" classname="org.artifactory.storage.db.binstore.itest.service.BinaryStoreImplFileProviderTest"/>
  <testcase name="testGarbageOneByOne" time="0.049" classname="org.artifactory.storage.db.binstore.itest.service.BinaryStoreImplFileProviderTest"/>
  <testcase name="verifyDbResourcesReleased" time="0.001" classname="org.artifactory.storage.db.binstore.itest.service.BinaryStoreImplFileProviderTest"/>
</testsuite> <!-- org.artifactory.storage.db.binstore.itest.service.BinaryStoreImplFileProviderTest -->
