<?xml version="1.0" encoding="UTF-8"?>
<!-- Generated by org.testng.reporters.JUnitReportReporter -->
<testsuite hostname="pond.jfrog.org" name="org.artifactory.storage.db.security.entity.AclTest" tests="18" failures="0" timestamp="13 May 2013 13:12:12 GMT" time="0.048" errors="0">
  <testcase name="simpleAcl" time="0.000" classname="org.artifactory.storage.db.security.entity.AclTest"/>
  <testcase name="noAcesInAclTest" time="0.000" classname="org.artifactory.storage.db.security.entity.AclTest"/>
  <testcase name="wrongAceUserAndGroupTest" time="0.001" classname="org.artifactory.storage.db.security.entity.AclTest"/>
  <testcase name="setNullAcesInAclTest" time="0.000" classname="org.artifactory.storage.db.security.entity.AclTest"/>
  <testcase name="wrongAceNoUserOrGroupTest" time="0.001" classname="org.artifactory.storage.db.security.entity.AclTest"/>
  <testcase name="maxNullInAclTest" time="0.000" classname="org.artifactory.storage.db.security.entity.AclTest"/>
  <testcase name="aceEqualsHashTest" time="0.031" classname="org.artifactory.storage.db.security.entity.AclTest"/>
  <testcase name="negAceGroupIdTest" time="0.000" classname="org.artifactory.storage.db.security.entity.AclTest"/>
  <testcase name="noIdInAclTest" time="0.001" classname="org.artifactory.storage.db.security.entity.AclTest"/>
  <testcase name="negAceAceIdTest" time="0.001" classname="org.artifactory.storage.db.security.entity.AclTest"/>
  <testcase name="aceHashInAclTest" time="0.011" classname="org.artifactory.storage.db.security.entity.AclTest"/>
  <testcase name="negAceAclIdTest" time="0.000" classname="org.artifactory.storage.db.security.entity.AclTest"/>
  <testcase name="negPermIdInAclTest" time="0.000" classname="org.artifactory.storage.db.security.entity.AclTest"/>
  <testcase name="simpleAce" time="0.001" classname="org.artifactory.storage.db.security.entity.AclTest"/>
  <testcase name="negAceUserIdTest" time="0.000" classname="org.artifactory.storage.db.security.entity.AclTest"/>
  <testcase name="negIdInAclTest" time="0.000" classname="org.artifactory.storage.db.security.entity.AclTest"/>
  <testcase name="noPermIdInAclTest" time="0.000" classname="org.artifactory.storage.db.security.entity.AclTest"/>
  <testcase name="doubleSetAcesInAclTest" time="0.001" classname="org.artifactory.storage.db.security.entity.AclTest"/>
</testsuite> <!-- org.artifactory.storage.db.security.entity.AclTest -->
