<?xml version="1.0" encoding="UTF-8"?>
<!-- Generated by org.testng.reporters.JUnitReportReporter -->
<testsuite hostname="pond.jfrog.org" name="org.artifactory.storage.db.build.itest.dao.BuildsDaoTest" tests="12" failures="0" timestamp="13 May 2013 13:12:30 GMT" time="0.569" errors="0">
  <testcase name="testCreateBuildSameNameAndNumber" time="0.329" classname="org.artifactory.storage.db.build.itest.dao.BuildsDaoTest"/>
  <testcase name="testReadBuildsByFullPath" time="0.017" classname="org.artifactory.storage.db.build.itest.dao.BuildsDaoTest"/>
  <testcase name="testDeleteBuilds" time="0.059" classname="org.artifactory.storage.db.build.itest.dao.BuildsDaoTest"/>
  <testcase name="testFindLatestBuildDate" time="0.012" classname="org.artifactory.storage.db.build.itest.dao.BuildsDaoTest"/>
  <testcase name="testSimpleCreateBuild" time="0.006" classname="org.artifactory.storage.db.build.itest.dao.BuildsDaoTest"/>
  <testcase name="testCreateBuildWithPromotions" time="0.013" classname="org.artifactory.storage.db.build.itest.dao.BuildsDaoTest"/>
  <testcase name="testReadBuildsByName" time="0.011" classname="org.artifactory.storage.db.build.itest.dao.BuildsDaoTest"/>
  <testcase name="testCreateBuildWithProps" time="0.012" classname="org.artifactory.storage.db.build.itest.dao.BuildsDaoTest"/>
  <testcase name="testCreateBuildWithPropsAndPromotions" time="0.010" classname="org.artifactory.storage.db.build.itest.dao.BuildsDaoTest"/>
  <testcase name="verifyDbResourcesReleased" time="0.002" classname="org.artifactory.storage.db.build.itest.dao.BuildsDaoTest"/>
  <testcase name="testCreateBuildSameId" time="0.005" classname="org.artifactory.storage.db.build.itest.dao.BuildsDaoTest"/>
  <testcase name="testReadBuildsById" time="0.093" classname="org.artifactory.storage.db.build.itest.dao.BuildsDaoTest"/>
</testsuite> <!-- org.artifactory.storage.db.build.itest.dao.BuildsDaoTest -->
