<?xml version="1.0" encoding="UTF-8"?>
<!-- Generated by org.testng.reporters.JUnitReportReporter -->
<testsuite hostname="pond.jfrog.org" name="org.artifactory.storage.db.build.entity.BuildPropertyTest" tests="9" failures="0" timestamp="13 May 2013 13:12:12 GMT" time="0.002" errors="0">
  <testcase name="nullKeyBuildPropertyTest" time="0.000" classname="org.artifactory.storage.db.build.entity.BuildPropertyTest"/>
  <testcase name="negIdBuildPropertyTest" time="0.000" classname="org.artifactory.storage.db.build.entity.BuildPropertyTest"/>
  <testcase name="equalsBuildPropertyTest" time="0.000" classname="org.artifactory.storage.db.build.entity.BuildPropertyTest"/>
  <testcase name="noBuildIdBuildPropertyTest" time="0.001" classname="org.artifactory.storage.db.build.entity.BuildPropertyTest"/>
  <testcase name="negBuildIdBuildPropertyTest" time="0.000" classname="org.artifactory.storage.db.build.entity.BuildPropertyTest"/>
  <testcase name="noIdBuildPropertyTest" time="0.000" classname="org.artifactory.storage.db.build.entity.BuildPropertyTest"/>
  <testcase name="simpleBuildPropertyTest" time="0.000" classname="org.artifactory.storage.db.build.entity.BuildPropertyTest"/>
  <testcase name="noKeyBuildPropertyTest" time="0.000" classname="org.artifactory.storage.db.build.entity.BuildPropertyTest"/>
  <testcase name="maxNullsBuildPropertyTest" time="0.001" classname="org.artifactory.storage.db.build.entity.BuildPropertyTest"/>
</testsuite> <!-- org.artifactory.storage.db.build.entity.BuildPropertyTest -->
