<?xml version="1.0" encoding="UTF-8"?>
<!-- Generated by org.testng.reporters.JUnitReportReporter -->
<testsuite hostname="pond.jfrog.org" name="org.artifactory.storage.db.binstore.itest.service.BinaryStoreImplCachedDbProviderTest" tests="11" failures="0" timestamp="13 May 2013 13:12:30 GMT" time="0.167" errors="0">
  <testcase name="testLoadResources" time="0.006" classname="org.artifactory.storage.db.binstore.itest.service.BinaryStoreImplCachedDbProviderTest"/>
  <testcase name="testEmpty" time="0.020" classname="org.artifactory.storage.db.binstore.itest.service.BinaryStoreImplCachedDbProviderTest"/>
  <testcase name="testLoadedNothingToDelete" time="0.034" classname="org.artifactory.storage.db.binstore.itest.service.BinaryStoreImplCachedDbProviderTest"/>
  <testcase name="testLoadResources" time="0.029" classname="org.artifactory.storage.db.binstore.itest.service.BinaryStoreImplCachedDbProviderTest"/>
  <testcase name="testGarbageOneByOne" time="0.013" classname="org.artifactory.storage.db.binstore.itest.service.BinaryStoreImplCachedDbProviderTest"/>
  <testcase name="testGarbageOneByOne" time="0.016" classname="org.artifactory.storage.db.binstore.itest.service.BinaryStoreImplCachedDbProviderTest"/>
  <testcase name="testGarbageOneByOne" time="0.021" classname="org.artifactory.storage.db.binstore.itest.service.BinaryStoreImplCachedDbProviderTest"/>
  <testcase name="testLoadResources" time="0.006" classname="org.artifactory.storage.db.binstore.itest.service.BinaryStoreImplCachedDbProviderTest"/>
  <testcase name="testLoadResources" time="0.007" classname="org.artifactory.storage.db.binstore.itest.service.BinaryStoreImplCachedDbProviderTest"/>
  <testcase name="verifyDbResourcesReleased" time="0.002" classname="org.artifactory.storage.db.binstore.itest.service.BinaryStoreImplCachedDbProviderTest"/>
  <testcase name="testGarbageOneByOne" time="0.013" classname="org.artifactory.storage.db.binstore.itest.service.BinaryStoreImplCachedDbProviderTest"/>
</testsuite> <!-- org.artifactory.storage.db.binstore.itest.service.BinaryStoreImplCachedDbProviderTest -->
