<?xml version="1.0" encoding="UTF-8"?>
<!-- Generated by org.testng.reporters.JUnitReportReporter -->
<testsuite hostname="pond.jfrog.org" name="org.artifactory.storage.db.fs.itest.dao.PropertiesDaoTest" tests="12" failures="0" timestamp="13 May 2013 13:12:30 GMT" time="0.050" errors="0">
  <testcase name="hasPropertiesNodeNotExist" time="0.009" classname="org.artifactory.storage.db.fs.itest.dao.PropertiesDaoTest"/>
  <testcase name="getPropertiesNodeWithEmptyProperties" time="0.001" classname="org.artifactory.storage.db.fs.itest.dao.PropertiesDaoTest"/>
  <testcase name="deletePropertiesNonExistentNode" time="0.002" classname="org.artifactory.storage.db.fs.itest.dao.PropertiesDaoTest"/>
  <testcase name="getPropertiesNodeWithoutProperties" time="0.005" classname="org.artifactory.storage.db.fs.itest.dao.PropertiesDaoTest"/>
  <testcase name="getPropertiesNodeNotExist" time="0.001" classname="org.artifactory.storage.db.fs.itest.dao.PropertiesDaoTest"/>
  <testcase name="deletePropertiesNodeWithNoProperties" time="0.008" classname="org.artifactory.storage.db.fs.itest.dao.PropertiesDaoTest"/>
  <testcase name="verifyDbResourcesReleased" time="0.000" classname="org.artifactory.storage.db.fs.itest.dao.PropertiesDaoTest"/>
  <testcase name="hasPropertiesNodeWithoutProperties" time="0.002" classname="org.artifactory.storage.db.fs.itest.dao.PropertiesDaoTest"/>
  <testcase name="insertProperty" time="0.008" classname="org.artifactory.storage.db.fs.itest.dao.PropertiesDaoTest"/>
  <testcase name="hasPropertiesNodeWithProperties" time="0.001" classname="org.artifactory.storage.db.fs.itest.dao.PropertiesDaoTest"/>
  <testcase name="deletePropertiesNodeWithProperties" time="0.012" classname="org.artifactory.storage.db.fs.itest.dao.PropertiesDaoTest"/>
  <testcase name="getPropertiesNodeWithProperties" time="0.001" classname="org.artifactory.storage.db.fs.itest.dao.PropertiesDaoTest"/>
</testsuite> <!-- org.artifactory.storage.db.fs.itest.dao.PropertiesDaoTest -->
