<?xml version="1.0" encoding="UTF-8"?>
<!-- Generated by org.testng.reporters.JUnitReportReporter -->
<testsuite hostname="pond.jfrog.org" name="org.artifactory.storage.db.security.itest.service.UserGroupServiceImplTest" tests="6" failures="0" timestamp="13 May 2013 13:12:30 GMT" time="0.023" errors="0">
  <testcase name="createGroupExistingGroupName" time="0.003" classname="org.artifactory.storage.db.security.itest.service.UserGroupServiceImplTest"/>
  <testcase name="createUserTest" time="0.009" classname="org.artifactory.storage.db.security.itest.service.UserGroupServiceImplTest"/>
  <testcase name="createUserExistingUsername" time="0.006" classname="org.artifactory.storage.db.security.itest.service.UserGroupServiceImplTest"/>
  <testcase name="hasDefaultAdmin" time="0.002" classname="org.artifactory.storage.db.security.itest.service.UserGroupServiceImplTest"/>
  <testcase name="hasAnonymousUser" time="0.002" classname="org.artifactory.storage.db.security.itest.service.UserGroupServiceImplTest"/>
  <testcase name="verifyDbResourcesReleased" time="0.001" classname="org.artifactory.storage.db.security.itest.service.UserGroupServiceImplTest"/>
</testsuite> <!-- org.artifactory.storage.db.security.itest.service.UserGroupServiceImplTest -->
