<?xml version="1.0" encoding="UTF-8"?>
<!-- Generated by org.testng.reporters.JUnitReportReporter -->
<testsuite hostname="pond.jfrog.org" name="org.artifactory.storage.db.fs.itest.service.ArchiveEntriesServiceImplTest" tests="9" failures="0" timestamp="13 May 2013 13:12:30 GMT" time="0.088" errors="0">
  <testcase name="getEntries" time="0.008" classname="org.artifactory.storage.db.fs.itest.service.ArchiveEntriesServiceImplTest"/>
  <testcase name="insertEntries" time="0.016" classname="org.artifactory.storage.db.fs.itest.service.ArchiveEntriesServiceImplTest"/>
  <testcase name="deleteEntries" time="0.006" classname="org.artifactory.storage.db.fs.itest.service.ArchiveEntriesServiceImplTest"/>
  <testcase name="insertEntriesReusedPathAndName" time="0.025" classname="org.artifactory.storage.db.fs.itest.service.ArchiveEntriesServiceImplTest"/>
  <testcase name="deleteEntriesNotIndexed" time="0.000" classname="org.artifactory.storage.db.fs.itest.service.ArchiveEntriesServiceImplTest"/>
  <testcase name="hasEntriesNoSuchChecksum" time="0.001" classname="org.artifactory.storage.db.fs.itest.service.ArchiveEntriesServiceImplTest"/>
  <testcase name="verifyDbResourcesReleased" time="0.000" classname="org.artifactory.storage.db.fs.itest.service.ArchiveEntriesServiceImplTest"/>
  <testcase name="deleteKeepsPathAndName" time="0.028" classname="org.artifactory.storage.db.fs.itest.service.ArchiveEntriesServiceImplTest"/>
  <testcase name="hasEntries" time="0.004" classname="org.artifactory.storage.db.fs.itest.service.ArchiveEntriesServiceImplTest"/>
</testsuite> <!-- org.artifactory.storage.db.fs.itest.service.ArchiveEntriesServiceImplTest -->
