<?xml version="1.0" encoding="UTF-8"?>
<!-- Generated by org.testng.reporters.JUnitReportReporter -->
<testsuite hostname="pond.jfrog.org" name="org.artifactory.storage.db.util.BlobWrapperTest" tests="3" failures="0" timestamp="13 May 2013 13:12:12 GMT" time="0.009" errors="0">
  <testcase name="stringConstructor" time="0.008" classname="org.artifactory.storage.db.util.BlobWrapperTest"/>
  <testcase name="nullInputStream" time="0.000" classname="org.artifactory.storage.db.util.BlobWrapperTest"/>
  <testcase name="constructWithInputStream" time="0.001" classname="org.artifactory.storage.db.util.BlobWrapperTest"/>
</testsuite> <!-- org.artifactory.storage.db.util.BlobWrapperTest -->
