<?xml version="1.0" encoding="UTF-8"?>
<!-- Generated by org.testng.reporters.JUnitReportReporter -->
<testsuite hostname="pond.jfrog.org" name="org.artifactory.storage.db.fs.itest.service.FileServiceSpecialCharsTest" tests="21" failures="0" timestamp="13 May 2013 13:12:30 GMT" time="0.095" errors="0">
  <testcase name="createFileValidChars" time="0.032" classname="org.artifactory.storage.db.fs.itest.service.FileServiceSpecialCharsTest"/>
  <testcase name="invalidDot" time="0.001" classname="org.artifactory.storage.db.fs.itest.service.FileServiceSpecialCharsTest"/>
  <testcase name="rootRepo" time="0.003" classname="org.artifactory.storage.db.fs.itest.service.FileServiceSpecialCharsTest"/>
  <testcase name="illegalPipe" time="0.001" classname="org.artifactory.storage.db.fs.itest.service.FileServiceSpecialCharsTest"/>
  <testcase name="backslash" time="0.030" classname="org.artifactory.storage.db.fs.itest.service.FileServiceSpecialCharsTest"/>
  <testcase name="illegalColon" time="0.003" classname="org.artifactory.storage.db.fs.itest.service.FileServiceSpecialCharsTest"/>
  <testcase name="invalidAllSpaces" time="0.006" classname="org.artifactory.storage.db.fs.itest.service.FileServiceSpecialCharsTest"/>
  <testcase name="illegalCarretLeft" time="0.003" classname="org.artifactory.storage.db.fs.itest.service.FileServiceSpecialCharsTest"/>
  <testcase name="illegalCarretRight" time="0.001" classname="org.artifactory.storage.db.fs.itest.service.FileServiceSpecialCharsTest"/>
  <testcase name="invalidSpaceAfterSlash" time="0.000" classname="org.artifactory.storage.db.fs.itest.service.FileServiceSpecialCharsTest"/>
  <testcase name="createFolderValidChars" time="0.010" classname="org.artifactory.storage.db.fs.itest.service.FileServiceSpecialCharsTest"/>
  <testcase name="invalidSingleDot" time="0.002" classname="org.artifactory.storage.db.fs.itest.service.FileServiceSpecialCharsTest"/>
  <testcase name="invalidSpaceBeforeSlash" time="0.000" classname="org.artifactory.storage.db.fs.itest.service.FileServiceSpecialCharsTest"/>
  <testcase name="illegalQuotationMark" time="0.000" classname="org.artifactory.storage.db.fs.itest.service.FileServiceSpecialCharsTest"/>
  <testcase name="invalidSingleColon" time="0.000" classname="org.artifactory.storage.db.fs.itest.service.FileServiceSpecialCharsTest"/>
  <testcase name="illegalQuestionMark" time="0.001" classname="org.artifactory.storage.db.fs.itest.service.FileServiceSpecialCharsTest"/>
  <testcase name="invalidSingleAmpersand" time="0.001" classname="org.artifactory.storage.db.fs.itest.service.FileServiceSpecialCharsTest"/>
  <testcase name="illegalStar" time="0.001" classname="org.artifactory.storage.db.fs.itest.service.FileServiceSpecialCharsTest"/>
  <testcase name="invalidSingleDotDot" time="0.000" classname="org.artifactory.storage.db.fs.itest.service.FileServiceSpecialCharsTest"/>
  <testcase name="verifyDbResourcesReleased" time="0.000" classname="org.artifactory.storage.db.fs.itest.service.FileServiceSpecialCharsTest"/>
  <testcase name="invalidDotDot" time="0.000" classname="org.artifactory.storage.db.fs.itest.service.FileServiceSpecialCharsTest"/>
</testsuite> <!-- org.artifactory.storage.db.fs.itest.service.FileServiceSpecialCharsTest -->
