<?xml version="1.0" encoding="UTF-8"?>
<!-- Generated by org.testng.reporters.JUnitReportReporter -->
<testsuite hostname="pond.jfrog.org" name="org.artifactory.storage.db.build.entity.BuildArtifactTest" tests="8" failures="0" timestamp="13 May 2013 13:12:12 GMT" time="0.003" errors="0">
  <testcase name="negModuleIdTest" time="0.001" classname="org.artifactory.storage.db.build.entity.BuildArtifactTest"/>
  <testcase name="noArtifactNameTest" time="0.000" classname="org.artifactory.storage.db.build.entity.BuildArtifactTest"/>
  <testcase name="simpleBuildArtifactTest" time="0.000" classname="org.artifactory.storage.db.build.entity.BuildArtifactTest"/>
  <testcase name="mostlyNullBuildArtifactTest" time="0.000" classname="org.artifactory.storage.db.build.entity.BuildArtifactTest"/>
  <testcase name="noModuleIdTest" time="0.000" classname="org.artifactory.storage.db.build.entity.BuildArtifactTest"/>
  <testcase name="negArtifactIdTest" time="0.000" classname="org.artifactory.storage.db.build.entity.BuildArtifactTest"/>
  <testcase name="noArtifactIdTest" time="0.001" classname="org.artifactory.storage.db.build.entity.BuildArtifactTest"/>
  <testcase name="emptyArtifactNameTest" time="0.001" classname="org.artifactory.storage.db.build.entity.BuildArtifactTest"/>
</testsuite> <!-- org.artifactory.storage.db.build.entity.BuildArtifactTest -->
