<?xml version="1.0" encoding="UTF-8"?>
<!-- Generated by org.testng.reporters.JUnitReportReporter -->
<testsuite hostname="pond.jfrog.org" name="org.artifactory.storage.db.build.itest.service.BuildStoreServiceImplTest" tests="7" failures="0" timestamp="13 May 2013 13:12:30 GMT" time="0.191" errors="0">
  <testcase name="verifyDbResourcesReleased" time="0.002" classname="org.artifactory.storage.db.build.itest.service.BuildStoreServiceImplTest"/>
  <testcase name="testDeleteBuildB" time="0.016" classname="org.artifactory.storage.db.build.itest.service.BuildStoreServiceImplTest"/>
  <testcase name="testFindBuild" time="0.004" classname="org.artifactory.storage.db.build.itest.service.BuildStoreServiceImplTest"/>
  <testcase name="testSearchByChecksum" time="0.001" classname="org.artifactory.storage.db.build.itest.service.BuildStoreServiceImplTest"/>
  <testcase name="testAddBuild" time="0.140" classname="org.artifactory.storage.db.build.itest.service.BuildStoreServiceImplTest"/>
  <testcase name="testDeleteOneBuildA" time="0.012" classname="org.artifactory.storage.db.build.itest.service.BuildStoreServiceImplTest"/>
  <testcase name="testGetAllBuildNames" time="0.016" classname="org.artifactory.storage.db.build.itest.service.BuildStoreServiceImplTest"/>
</testsuite> <!-- org.artifactory.storage.db.build.itest.service.BuildStoreServiceImplTest -->
