<?xml version="1.0" encoding="UTF-8"?>
<!-- Generated by org.testng.reporters.JUnitReportReporter -->
<testsuite hostname="pond.jfrog.org" name="org.artifactory.storage.db.security.entity.UserTest" tests="9" failures="0" timestamp="13 May 2013 13:12:12 GMT" time="0.005" errors="0">
  <testcase name="simpleUserTest" time="0.001" classname="org.artifactory.storage.db.security.entity.UserTest"/>
  <testcase name="noUserNameTest" time="0.000" classname="org.artifactory.storage.db.security.entity.UserTest"/>
  <testcase name="withGroupsUserTest" time="0.001" classname="org.artifactory.storage.db.security.entity.UserTest"/>
  <testcase name="noGroupsSetTest" time="0.000" classname="org.artifactory.storage.db.security.entity.UserTest"/>
  <testcase name="noUserIdTest" time="0.000" classname="org.artifactory.storage.db.security.entity.UserTest"/>
  <testcase name="tooManyGroupsSetTest" time="0.000" classname="org.artifactory.storage.db.security.entity.UserTest"/>
  <testcase name="wrongGroupSetTest" time="0.000" classname="org.artifactory.storage.db.security.entity.UserTest"/>
  <testcase name="withPassUserTest" time="0.001" classname="org.artifactory.storage.db.security.entity.UserTest"/>
  <testcase name="negUserIdTest" time="0.002" classname="org.artifactory.storage.db.security.entity.UserTest"/>
</testsuite> <!-- org.artifactory.storage.db.security.entity.UserTest -->
