<?xml version="1.0" encoding="UTF-8"?>
<!-- Generated by org.testng.reporters.JUnitReportReporter -->
<testsuite hostname="pond.jfrog.org" name="org.artifactory.storage.db.security.entity.GroupTest" tests="4" failures="0" timestamp="13 May 2013 13:12:12 GMT" time="0.001" errors="0">
  <testcase name="withRealmGroupTest" time="0.000" classname="org.artifactory.storage.db.security.entity.GroupTest"/>
  <testcase name="simpleGroupTest" time="0.000" classname="org.artifactory.storage.db.security.entity.GroupTest"/>
  <testcase name="noGroupNameTest" time="0.000" classname="org.artifactory.storage.db.security.entity.GroupTest"/>
  <testcase name="noGroupIdTest" time="0.001" classname="org.artifactory.storage.db.security.entity.GroupTest"/>
</testsuite> <!-- org.artifactory.storage.db.security.entity.GroupTest -->
