<?xml version="1.0" encoding="UTF-8"?>
<!-- Generated by org.testng.reporters.JUnitReportReporter -->
<testsuite hostname="pond.jfrog.org" name="org.artifactory.storage.db.build.entity.BuildModuleTest" tests="19" failures="0" timestamp="13 May 2013 13:12:12 GMT" time="0.009" errors="0">
  <testcase name="maxNullsModulePropertyTest" time="0.000" classname="org.artifactory.storage.db.build.entity.BuildModuleTest"/>
  <testcase name="noIdBuildModuleTest" time="0.000" classname="org.artifactory.storage.db.build.entity.BuildModuleTest"/>
  <testcase name="doubleSetPropertiesInBuildModuleTest" time="0.002" classname="org.artifactory.storage.db.build.entity.BuildModuleTest"/>
  <testcase name="noNameBuildModuleTest" time="0.001" classname="org.artifactory.storage.db.build.entity.BuildModuleTest"/>
  <testcase name="setNullPropertiesInBuildModuleTest" time="0.001" classname="org.artifactory.storage.db.build.entity.BuildModuleTest"/>
  <testcase name="simpleModulePropertyTest" time="0.000" classname="org.artifactory.storage.db.build.entity.BuildModuleTest"/>
  <testcase name="negBuildIdBuildModuleTest" time="0.000" classname="org.artifactory.storage.db.build.entity.BuildModuleTest"/>
  <testcase name="simpleBuildModuleTest" time="0.000" classname="org.artifactory.storage.db.build.entity.BuildModuleTest"/>
  <testcase name="equalsModulePropertyTest" time="0.001" classname="org.artifactory.storage.db.build.entity.BuildModuleTest"/>
  <testcase name="noKeyModulePropertyTest" time="0.000" classname="org.artifactory.storage.db.build.entity.BuildModuleTest"/>
  <testcase name="noBuildIdModulePropertyTest" time="0.000" classname="org.artifactory.storage.db.build.entity.BuildModuleTest"/>
  <testcase name="nullNameBuildModuleTest" time="0.000" classname="org.artifactory.storage.db.build.entity.BuildModuleTest"/>
  <testcase name="negIdBuildModuleTest" time="0.001" classname="org.artifactory.storage.db.build.entity.BuildModuleTest"/>
  <testcase name="noIdModulePropertyTest" time="0.000" classname="org.artifactory.storage.db.build.entity.BuildModuleTest"/>
  <testcase name="negIdModulePropertyTest" time="0.001" classname="org.artifactory.storage.db.build.entity.BuildModuleTest"/>
  <testcase name="nullKeyModulePropertyTest" time="0.000" classname="org.artifactory.storage.db.build.entity.BuildModuleTest"/>
  <testcase name="negBuildIdModulePropertyTest" time="0.000" classname="org.artifactory.storage.db.build.entity.BuildModuleTest"/>
  <testcase name="noBuildIdBuildModuleTest" time="0.001" classname="org.artifactory.storage.db.build.entity.BuildModuleTest"/>
  <testcase name="noPropertiesInBuildModuleTest" time="0.001" classname="org.artifactory.storage.db.build.entity.BuildModuleTest"/>
</testsuite> <!-- org.artifactory.storage.db.build.entity.BuildModuleTest -->
