<?xml version="1.0" encoding="UTF-8"?>
<!-- Generated by org.testng.reporters.JUnitReportReporter -->
<testsuite hostname="pond.jfrog.org" name="org.artifactory.storage.db.fs.itest.dao.StatsDaoTest" tests="14" failures="0" timestamp="13 May 2013 13:12:30 GMT" time="0.061" errors="0">
  <testcase name="hasStatsFileWithoutStats" time="0.001" classname="org.artifactory.storage.db.fs.itest.dao.StatsDaoTest"/>
  <testcase name="createStatsFileWithStats" time="0.005" classname="org.artifactory.storage.db.fs.itest.dao.StatsDaoTest"/>
  <testcase name="hasStatsFolder" time="0.001" classname="org.artifactory.storage.db.fs.itest.dao.StatsDaoTest"/>
  <testcase name="deleteStatsFileWithoutStats" time="0.008" classname="org.artifactory.storage.db.fs.itest.dao.StatsDaoTest"/>
  <testcase name="updateStatsFileWithStats" time="0.002" classname="org.artifactory.storage.db.fs.itest.dao.StatsDaoTest"/>
  <testcase name="deleteStatsNonExistingNode" time="0.001" classname="org.artifactory.storage.db.fs.itest.dao.StatsDaoTest"/>
  <testcase name="hasStatsFileWithStats" time="0.010" classname="org.artifactory.storage.db.fs.itest.dao.StatsDaoTest"/>
  <testcase name="createStatsFileWithoutStats" time="0.013" classname="org.artifactory.storage.db.fs.itest.dao.StatsDaoTest"/>
  <testcase name="updateStatsFileWithoutStats" time="0.010" classname="org.artifactory.storage.db.fs.itest.dao.StatsDaoTest"/>
  <testcase name="getFileStatsWithNoDownloads" time="0.002" classname="org.artifactory.storage.db.fs.itest.dao.StatsDaoTest"/>
  <testcase name="deleteStatsFileWithStats" time="0.002" classname="org.artifactory.storage.db.fs.itest.dao.StatsDaoTest"/>
  <testcase name="hasStatsNonExistentId" time="0.002" classname="org.artifactory.storage.db.fs.itest.dao.StatsDaoTest"/>
  <testcase name="getFileStats" time="0.002" classname="org.artifactory.storage.db.fs.itest.dao.StatsDaoTest"/>
  <testcase name="verifyDbResourcesReleased" time="0.002" classname="org.artifactory.storage.db.fs.itest.dao.StatsDaoTest"/>
</testsuite> <!-- org.artifactory.storage.db.fs.itest.dao.StatsDaoTest -->
