<?xml version="1.0" encoding="UTF-8"?>
<!-- Generated by org.testng.reporters.JUnitReportReporter -->
<testsuite hostname="pond.jfrog.org" name="org.artifactory.storage.db.fs.itest.service.FileServiceImplTest" tests="27" failures="0" timestamp="13 May 2013 13:12:30 GMT" time="0.385" errors="0">
  <testcase name="nodeSha1NotExist" time="0.003" classname="org.artifactory.storage.db.fs.itest.service.FileServiceImplTest"/>
  <testcase name="loadNonExistentFolder" time="0.001" classname="org.artifactory.storage.db.fs.itest.service.FileServiceImplTest"/>
  <testcase name="itemExistsRepoRoot" time="0.002" classname="org.artifactory.storage.db.fs.itest.service.FileServiceImplTest"/>
  <testcase name="nodeIdRoot" time="0.003" classname="org.artifactory.storage.db.fs.itest.service.FileServiceImplTest"/>
  <testcase name="countAllFiles" time="0.035" classname="org.artifactory.storage.db.fs.itest.service.FileServiceImplTest"/>
  <testcase name="nodeSha1OfFile" time="0.017" classname="org.artifactory.storage.db.fs.itest.service.FileServiceImplTest"/>
  <testcase name="loadFolderUnderRoot" time="0.002" classname="org.artifactory.storage.db.fs.itest.service.FileServiceImplTest"/>
  <testcase name="countFolderAndFilesUnderFolder" time="0.026" classname="org.artifactory.storage.db.fs.itest.service.FileServiceImplTest"/>
  <testcase name="itemExists" time="0.019" classname="org.artifactory.storage.db.fs.itest.service.FileServiceImplTest"/>
  <testcase name="loadNonExistentById" time="0.003" classname="org.artifactory.storage.db.fs.itest.service.FileServiceImplTest"/>
  <testcase name="countRepoFilesUnderNonExistentRepo" time="0.004" classname="org.artifactory.storage.db.fs.itest.service.FileServiceImplTest"/>
  <testcase name="countRepoFilesAndFoldersUnderNonExistentRepo" time="0.002" classname="org.artifactory.storage.db.fs.itest.service.FileServiceImplTest"/>
  <testcase name="verifyDbResourcesReleased" time="0.008" classname="org.artifactory.storage.db.fs.itest.service.FileServiceImplTest"/>
  <testcase name="nodeSha1OfFolder" time="0.004" classname="org.artifactory.storage.db.fs.itest.service.FileServiceImplTest"/>
  <testcase name="deleteNonExistentItem" time="0.014" classname="org.artifactory.storage.db.fs.itest.service.FileServiceImplTest"/>
  <testcase name="itemNotExists" time="0.002" classname="org.artifactory.storage.db.fs.itest.service.FileServiceImplTest"/>
  <testcase name="loadFolder" time="0.002" classname="org.artifactory.storage.db.fs.itest.service.FileServiceImplTest"/>
  <testcase name="getMd5BadChecksums" time="0.031" classname="org.artifactory.storage.db.fs.itest.service.FileServiceImplTest"/>
  <testcase name="loadChildren" time="0.022" classname="org.artifactory.storage.db.fs.itest.service.FileServiceImplTest"/>
  <testcase name="countFolderAndFilesUnderRepo" time="0.018" classname="org.artifactory.storage.db.fs.itest.service.FileServiceImplTest"/>
  <testcase name="countFilesUnderFolder" time="0.034" classname="org.artifactory.storage.db.fs.itest.service.FileServiceImplTest"/>
  <testcase name="nodeIdNoSuchNode" time="0.018" classname="org.artifactory.storage.db.fs.itest.service.FileServiceImplTest"/>
  <testcase name="createFolder" time="0.051" classname="org.artifactory.storage.db.fs.itest.service.FileServiceImplTest"/>
  <testcase name="countFilesUnderRepo" time="0.020" classname="org.artifactory.storage.db.fs.itest.service.FileServiceImplTest"/>
  <testcase name="getSha1BadChecksums" time="0.020" classname="org.artifactory.storage.db.fs.itest.service.FileServiceImplTest"/>
  <testcase name="loadItemById" time="0.015" classname="org.artifactory.storage.db.fs.itest.service.FileServiceImplTest"/>
  <testcase name="deleteFolderById" time="0.009" classname="org.artifactory.storage.db.fs.itest.service.FileServiceImplTest"/>
</testsuite> <!-- org.artifactory.storage.db.fs.itest.service.FileServiceImplTest -->
