<?xml version="1.0" encoding="UTF-8"?>
<!-- Generated by org.testng.reporters.JUnitReportReporter -->
<testsuite hostname="pond.jfrog.org" name="org.artifactory.storage.db.binstore.itest.service.BinaryStoreExternalProviderCopyOnReadTest" tests="11" failures="0" timestamp="13 May 2013 13:12:30 GMT" time="0.129" errors="0">
  <testcase name="testGarbageOneByOne" time="0.011" classname="org.artifactory.storage.db.binstore.itest.service.BinaryStoreExternalProviderCopyOnReadTest"/>
  <testcase name="verifyDbResourcesReleased" time="0.002" classname="org.artifactory.storage.db.binstore.itest.service.BinaryStoreExternalProviderCopyOnReadTest"/>
  <testcase name="testGarbageOneByOne" time="0.012" classname="org.artifactory.storage.db.binstore.itest.service.BinaryStoreExternalProviderCopyOnReadTest"/>
  <testcase name="testEmpty" time="0.011" classname="org.artifactory.storage.db.binstore.itest.service.BinaryStoreExternalProviderCopyOnReadTest"/>
  <testcase name="testLoadResources" time="0.004" classname="org.artifactory.storage.db.binstore.itest.service.BinaryStoreExternalProviderCopyOnReadTest"/>
  <testcase name="testLoadResources" time="0.003" classname="org.artifactory.storage.db.binstore.itest.service.BinaryStoreExternalProviderCopyOnReadTest"/>
  <testcase name="testGarbageOneByOne" time="0.013" classname="org.artifactory.storage.db.binstore.itest.service.BinaryStoreExternalProviderCopyOnReadTest"/>
  <testcase name="testGarbageOneByOne" time="0.026" classname="org.artifactory.storage.db.binstore.itest.service.BinaryStoreExternalProviderCopyOnReadTest"/>
  <testcase name="testLoadResources" time="0.005" classname="org.artifactory.storage.db.binstore.itest.service.BinaryStoreExternalProviderCopyOnReadTest"/>
  <testcase name="testLoadResources" time="0.004" classname="org.artifactory.storage.db.binstore.itest.service.BinaryStoreExternalProviderCopyOnReadTest"/>
  <testcase name="testLoadedNothingToDelete" time="0.038" classname="org.artifactory.storage.db.binstore.itest.service.BinaryStoreExternalProviderCopyOnReadTest"/>
</testsuite> <!-- org.artifactory.storage.db.binstore.itest.service.BinaryStoreExternalProviderCopyOnReadTest -->
