<?xml version="1.0" encoding="UTF-8"?>
<!-- Generated by org.testng.reporters.JUnitReportReporter -->
<testsuite hostname="pond.jfrog.org" name="org.artifactory.storage.db.fs.itest.dao.TasksDaoTest" tests="6" failures="0" timestamp="13 May 2013 13:12:30 GMT" time="0.036" errors="0">
  <testcase name="exist" time="0.003" classname="org.artifactory.storage.db.fs.itest.dao.TasksDaoTest"/>
  <testcase name="createDuplicate" time="0.003" classname="org.artifactory.storage.db.fs.itest.dao.TasksDaoTest"/>
  <testcase name="create" time="0.018" classname="org.artifactory.storage.db.fs.itest.dao.TasksDaoTest"/>
  <testcase name="loadByType" time="0.002" classname="org.artifactory.storage.db.fs.itest.dao.TasksDaoTest"/>
  <testcase name="delete" time="0.009" classname="org.artifactory.storage.db.fs.itest.dao.TasksDaoTest"/>
  <testcase name="verifyDbResourcesReleased" time="0.001" classname="org.artifactory.storage.db.fs.itest.dao.TasksDaoTest"/>
</testsuite> <!-- org.artifactory.storage.db.fs.itest.dao.TasksDaoTest -->
