<?xml version="1.0" encoding="UTF-8"?>
<!-- Generated by org.testng.reporters.JUnitReportReporter -->
<testsuite hostname="pond.jfrog.org" name="org.artifactory.storage.db.security.entity.PermissionTargetTest" tests="5" failures="0" timestamp="13 May 2013 13:12:12 GMT" time="0.003" errors="0">
  <testcase name="noPermTargetIdTest" time="0.001" classname="org.artifactory.storage.db.security.entity.PermissionTargetTest"/>
  <testcase name="tooManyRepoKeysSetTest" time="0.001" classname="org.artifactory.storage.db.security.entity.PermissionTargetTest"/>
  <testcase name="simplePermTargetTest" time="0.000" classname="org.artifactory.storage.db.security.entity.PermissionTargetTest"/>
  <testcase name="noRepoKeysSetTest" time="0.001" classname="org.artifactory.storage.db.security.entity.PermissionTargetTest"/>
  <testcase name="noPermTargetNameTest" time="0.000" classname="org.artifactory.storage.db.security.entity.PermissionTargetTest"/>
</testsuite> <!-- org.artifactory.storage.db.security.entity.PermissionTargetTest -->
