<?xml version="1.0" encoding="UTF-8"?>
<!-- Generated by org.testng.reporters.JUnitReportReporter -->
<testsuite hostname="pond.jfrog.org" name="org.artifactory.storage.db.fs.util.NodeUtilsTest" tests="6" failures="0" timestamp="13 May 2013 13:12:12 GMT" time="0.000" errors="0">
  <testcase name="emptyPath" time="0.000" classname="org.artifactory.storage.db.fs.util.NodeUtilsTest"/>
  <testcase name="trailingAndLeadingSlashesPath" time="0.000" classname="org.artifactory.storage.db.fs.util.NodeUtilsTest"/>
  <testcase name="noSlashesPath" time="0.000" classname="org.artifactory.storage.db.fs.util.NodeUtilsTest"/>
  <testcase name="simplePath" time="0.000" classname="org.artifactory.storage.db.fs.util.NodeUtilsTest"/>
  <testcase name="oneLevelPath" time="0.000" classname="org.artifactory.storage.db.fs.util.NodeUtilsTest"/>
  <testcase name="nullPath" time="0.000" classname="org.artifactory.storage.db.fs.util.NodeUtilsTest"/>
</testsuite> <!-- org.artifactory.storage.db.fs.util.NodeUtilsTest -->
