<?xml version="1.0" encoding="UTF-8"?>
<!-- Generated by org.testng.reporters.JUnitReportReporter -->
<testsuite hostname="pond.jfrog.org" name="org.artifactory.storage.db.binstore.itest.service.BinaryStoreExternalProviderPassThroughTest" tests="11" failures="0" timestamp="13 May 2013 13:12:30 GMT" time="0.118" errors="0">
  <testcase name="testGarbageOneByOne" time="0.012" classname="org.artifactory.storage.db.binstore.itest.service.BinaryStoreExternalProviderPassThroughTest"/>
  <testcase name="testLoadResources" time="0.004" classname="org.artifactory.storage.db.binstore.itest.service.BinaryStoreExternalProviderPassThroughTest"/>
  <testcase name="testLoadedNothingToDelete" time="0.034" classname="org.artifactory.storage.db.binstore.itest.service.BinaryStoreExternalProviderPassThroughTest"/>
  <testcase name="testLoadResources" time="0.004" classname="org.artifactory.storage.db.binstore.itest.service.BinaryStoreExternalProviderPassThroughTest"/>
  <testcase name="testEmpty" time="0.011" classname="org.artifactory.storage.db.binstore.itest.service.BinaryStoreExternalProviderPassThroughTest"/>
  <testcase name="testGarbageOneByOne" time="0.012" classname="org.artifactory.storage.db.binstore.itest.service.BinaryStoreExternalProviderPassThroughTest"/>
  <testcase name="verifyDbResourcesReleased" time="0.000" classname="org.artifactory.storage.db.binstore.itest.service.BinaryStoreExternalProviderPassThroughTest"/>
  <testcase name="testLoadResources" time="0.006" classname="org.artifactory.storage.db.binstore.itest.service.BinaryStoreExternalProviderPassThroughTest"/>
  <testcase name="testGarbageOneByOne" time="0.015" classname="org.artifactory.storage.db.binstore.itest.service.BinaryStoreExternalProviderPassThroughTest"/>
  <testcase name="testLoadResources" time="0.005" classname="org.artifactory.storage.db.binstore.itest.service.BinaryStoreExternalProviderPassThroughTest"/>
  <testcase name="testGarbageOneByOne" time="0.015" classname="org.artifactory.storage.db.binstore.itest.service.BinaryStoreExternalProviderPassThroughTest"/>
</testsuite> <!-- org.artifactory.storage.db.binstore.itest.service.BinaryStoreExternalProviderPassThroughTest -->
