<?xml version="1.0" encoding="UTF-8"?>
<!-- Generated by org.testng.reporters.JUnitReportReporter -->
<testsuite hostname="pond.jfrog.org" name="org.artifactory.storage.db.build.itest.dao.BuildDependenciesDaoTest" tests="7" failures="0" timestamp="13 May 2013 13:12:30 GMT" time="0.089" errors="0">
  <testcase name="testCreateMultipleDependencies" time="0.030" classname="org.artifactory.storage.db.build.itest.dao.BuildDependenciesDaoTest"/>
  <testcase name="testCreateSimpleDependency" time="0.012" classname="org.artifactory.storage.db.build.itest.dao.BuildDependenciesDaoTest"/>
  <testcase name="testFindBySha1" time="0.008" classname="org.artifactory.storage.db.build.itest.dao.BuildDependenciesDaoTest"/>
  <testcase name="testFindByMd5" time="0.010" classname="org.artifactory.storage.db.build.itest.dao.BuildDependenciesDaoTest"/>
  <testcase name="testDeleteBuildDependencies" time="0.017" classname="org.artifactory.storage.db.build.itest.dao.BuildDependenciesDaoTest"/>
  <testcase name="verifyDbResourcesReleased" time="0.002" classname="org.artifactory.storage.db.build.itest.dao.BuildDependenciesDaoTest"/>
  <testcase name="testCreateNullChecksumsDependencies" time="0.010" classname="org.artifactory.storage.db.build.itest.dao.BuildDependenciesDaoTest"/>
</testsuite> <!-- org.artifactory.storage.db.build.itest.dao.BuildDependenciesDaoTest -->
