<?xml version="1.0" encoding="UTF-8"?>
<!-- Generated by org.testng.reporters.JUnitReportReporter -->
<testsuite hostname="pond.jfrog.org" name="org.artifactory.storage.db.security.itest.dao.UserGroupsDaoTest" tests="23" failures="0" timestamp="13 May 2013 13:12:30 GMT" time="0.296" errors="0">
  <testcase name="testAddUsersToGroup" time="0.066" classname="org.artifactory.storage.db.security.itest.dao.UserGroupsDaoTest"/>
  <testcase name="testDeleteUserAndGroupLinked" time="0.058" classname="org.artifactory.storage.db.security.itest.dao.UserGroupsDaoTest"/>
  <testcase name="testDeleteUser" time="0.004" classname="org.artifactory.storage.db.security.itest.dao.UserGroupsDaoTest"/>
  <testcase name="testFindGroupById" time="0.010" classname="org.artifactory.storage.db.security.itest.dao.UserGroupsDaoTest"/>
  <testcase name="testCreateUserWithGroups" time="0.006" classname="org.artifactory.storage.db.security.itest.dao.UserGroupsDaoTest"/>
  <testcase name="testUpdateUser" time="0.020" classname="org.artifactory.storage.db.security.itest.dao.UserGroupsDaoTest"/>
  <testcase name="testDeleteGroup" time="0.002" classname="org.artifactory.storage.db.security.itest.dao.UserGroupsDaoTest"/>
  <testcase name="testFindGroupByFilter" time="0.025" classname="org.artifactory.storage.db.security.itest.dao.UserGroupsDaoTest"/>
  <testcase name="testUpdateGroup" time="0.012" classname="org.artifactory.storage.db.security.itest.dao.UserGroupsDaoTest"/>
  <testcase name="testWrongUpdateGroupName" time="0.004" classname="org.artifactory.storage.db.security.itest.dao.UserGroupsDaoTest"/>
  <testcase name="testFindGroupByName" time="0.008" classname="org.artifactory.storage.db.security.itest.dao.UserGroupsDaoTest"/>
  <testcase name="testCreateUserFailedNoGroups" time="0.003" classname="org.artifactory.storage.db.security.itest.dao.UserGroupsDaoTest"/>
  <testcase name="testWrongUpdateUser" time="0.005" classname="org.artifactory.storage.db.security.itest.dao.UserGroupsDaoTest"/>
  <testcase name="testFindUserById" time="0.005" classname="org.artifactory.storage.db.security.itest.dao.UserGroupsDaoTest"/>
  <testcase name="testCreateGroup" time="0.006" classname="org.artifactory.storage.db.security.itest.dao.UserGroupsDaoTest"/>
  <testcase name="testCreateUserWithFailedGroups" time="0.011" classname="org.artifactory.storage.db.security.itest.dao.UserGroupsDaoTest"/>
  <testcase name="testCreateGroupSameId" time="0.003" classname="org.artifactory.storage.db.security.itest.dao.UserGroupsDaoTest"/>
  <testcase name="testCreateUser" time="0.022" classname="org.artifactory.storage.db.security.itest.dao.UserGroupsDaoTest"/>
  <testcase name="testCreateUserSameId" time="0.003" classname="org.artifactory.storage.db.security.itest.dao.UserGroupsDaoTest"/>
  <testcase name="verifyDbResourcesReleased" time="0.002" classname="org.artifactory.storage.db.security.itest.dao.UserGroupsDaoTest"/>
  <testcase name="testCreateGroupSameName" time="0.004" classname="org.artifactory.storage.db.security.itest.dao.UserGroupsDaoTest"/>
  <testcase name="testFindUserByName" time="0.013" classname="org.artifactory.storage.db.security.itest.dao.UserGroupsDaoTest"/>
  <testcase name="testCreateUserSameName" time="0.004" classname="org.artifactory.storage.db.security.itest.dao.UserGroupsDaoTest"/>
</testsuite> <!-- org.artifactory.storage.db.security.itest.dao.UserGroupsDaoTest -->
