<?xml version="1.0" encoding="UTF-8"?>
<!-- Generated by org.testng.reporters.JUnitReportReporter -->
<testsuite hostname="pond.jfrog.org" name="org.artifactory.storage.db.security.entity.UserGroupTest" tests="5" failures="0" timestamp="13 May 2013 13:12:12 GMT" time="0.001" errors="0">
  <testcase name="EqualsUserGroupTest" time="0.001" classname="org.artifactory.storage.db.security.entity.UserGroupTest"/>
  <testcase name="noUserUserGroupTest" time="0.000" classname="org.artifactory.storage.db.security.entity.UserGroupTest"/>
  <testcase name="noGroupUserGroupTest" time="0.000" classname="org.artifactory.storage.db.security.entity.UserGroupTest"/>
  <testcase name="simpleUserGroupTest" time="0.000" classname="org.artifactory.storage.db.security.entity.UserGroupTest"/>
  <testcase name="withRealmUserGroupTest" time="0.000" classname="org.artifactory.storage.db.security.entity.UserGroupTest"/>
</testsuite> <!-- org.artifactory.storage.db.security.entity.UserGroupTest -->
