<?xml version="1.0" encoding="UTF-8"?>
<!-- Generated by org.testng.reporters.JUnitReportReporter -->
<testsuite hostname="pond.jfrog.org" name="org.artifactory.storage.db.security.itest.dao.FullDeleteAclsDaoTest" tests="4" failures="0" timestamp="13 May 2013 13:12:30 GMT" time="0.023" errors="0">
  <testcase name="verifyDbResourcesReleased" time="0.000" classname="org.artifactory.storage.db.security.itest.dao.FullDeleteAclsDaoTest"/>
  <testcase name="testDeleteAllData" time="0.014" classname="org.artifactory.storage.db.security.itest.dao.FullDeleteAclsDaoTest"/>
  <testcase name="testDeleteUserWithAce" time="0.005" classname="org.artifactory.storage.db.security.itest.dao.FullDeleteAclsDaoTest"/>
  <testcase name="testDeletePermissionTargetWithAcl" time="0.004" classname="org.artifactory.storage.db.security.itest.dao.FullDeleteAclsDaoTest"/>
</testsuite> <!-- org.artifactory.storage.db.security.itest.dao.FullDeleteAclsDaoTest -->
