<?xml version="1.0" encoding="UTF-8"?>
<!-- Generated by org.testng.reporters.JUnitReportReporter -->
<testsuite hostname="pond.jfrog.org" name="org.artifactory.storage.db.binstore.entity.BinaryDataTest" tests="9" failures="0" timestamp="13 May 2013 13:12:12 GMT" time="0.014" errors="0">
  <testcase name="maxNullBinaryData" time="0.001" classname="org.artifactory.storage.db.binstore.entity.BinaryDataTest"/>
  <testcase name="simpleBinaryData" time="0.001" classname="org.artifactory.storage.db.binstore.entity.BinaryDataTest"/>
  <testcase name="wrongSha1BinaryData" time="0.000" classname="org.artifactory.storage.db.binstore.entity.BinaryDataTest"/>
  <testcase name="nullMd5BinaryData" time="0.001" classname="org.artifactory.storage.db.binstore.entity.BinaryDataTest"/>
  <testcase name="wrongLengthBinaryData" time="0.000" classname="org.artifactory.storage.db.binstore.entity.BinaryDataTest"/>
  <testcase name="wrongMd5BinaryData" time="0.000" classname="org.artifactory.storage.db.binstore.entity.BinaryDataTest"/>
  <testcase name="emptyMd5BinaryData" time="0.010" classname="org.artifactory.storage.db.binstore.entity.BinaryDataTest"/>
  <testcase name="emptySha1BinaryData" time="0.000" classname="org.artifactory.storage.db.binstore.entity.BinaryDataTest"/>
  <testcase name="nullSha1BinaryData" time="0.001" classname="org.artifactory.storage.db.binstore.entity.BinaryDataTest"/>
</testsuite> <!-- org.artifactory.storage.db.binstore.entity.BinaryDataTest -->
