<?xml version="1.0" encoding="UTF-8"?>
<!-- Generated by org.testng.reporters.JUnitReportReporter -->
<testsuite hostname="pond.jfrog.org" name="org.artifactory.storage.db.security.itest.dao.AclsDaoTest" tests="13" failures="0" timestamp="13 May 2013 13:12:30 GMT" time="0.151" errors="0">
  <testcase name="testLoadAllAcls" time="0.013" classname="org.artifactory.storage.db.security.itest.dao.AclsDaoTest"/>
  <testcase name="testDeletePermissionTarget" time="0.004" classname="org.artifactory.storage.db.security.itest.dao.AclsDaoTest"/>
  <testcase name="testFindAclByPermissionTargetId" time="0.004" classname="org.artifactory.storage.db.security.itest.dao.AclsDaoTest"/>
  <testcase name="testCreateAclWithAces" time="0.010" classname="org.artifactory.storage.db.security.itest.dao.AclsDaoTest"/>
  <testcase name="testCreatePermissionTargetNoRepoKeys" time="0.021" classname="org.artifactory.storage.db.security.itest.dao.AclsDaoTest"/>
  <testcase name="testUserOrGroupHasAce" time="0.016" classname="org.artifactory.storage.db.security.itest.dao.AclsDaoTest"/>
  <testcase name="testDeleteAcls" time="0.029" classname="org.artifactory.storage.db.security.itest.dao.AclsDaoTest"/>
  <testcase name="testLoadPermissionTargets" time="0.007" classname="org.artifactory.storage.db.security.itest.dao.AclsDaoTest"/>
  <testcase name="testFindAclById" time="0.004" classname="org.artifactory.storage.db.security.itest.dao.AclsDaoTest"/>
  <testcase name="testCreatePermissionTargetWrongRepoKeys" time="0.003" classname="org.artifactory.storage.db.security.itest.dao.AclsDaoTest"/>
  <testcase name="testCreateAclNoAces" time="0.031" classname="org.artifactory.storage.db.security.itest.dao.AclsDaoTest"/>
  <testcase name="testCreatePermissionTargetWithRepoKeys" time="0.009" classname="org.artifactory.storage.db.security.itest.dao.AclsDaoTest"/>
  <testcase name="verifyDbResourcesReleased" time="0.000" classname="org.artifactory.storage.db.security.itest.dao.AclsDaoTest"/>
</testsuite> <!-- org.artifactory.storage.db.security.itest.dao.AclsDaoTest -->
