<?xml version="1.0" encoding="UTF-8"?>
<!-- Generated by org.testng.reporters.JUnitReportReporter -->
<testsuite hostname="pond.jfrog.org" name="org.artifactory.storage.db.fs.itest.service.PropertiesServiceImplTest" tests="9" failures="0" timestamp="13 May 2013 13:12:30 GMT" time="0.047" errors="0">
  <testcase name="hasPropertiesPathWithNoProperties" time="0.002" classname="org.artifactory.storage.db.fs.itest.service.PropertiesServiceImplTest"/>
  <testcase name="getPropertiesNodeNotExist" time="0.012" classname="org.artifactory.storage.db.fs.itest.service.PropertiesServiceImplTest"/>
  <testcase name="getPropertiesNodeWithProperties" time="0.003" classname="org.artifactory.storage.db.fs.itest.service.PropertiesServiceImplTest"/>
  <testcase name="deleteProperties" time="0.006" classname="org.artifactory.storage.db.fs.itest.service.PropertiesServiceImplTest"/>
  <testcase name="getPropertiesNodeWithMultiValueProperties" time="0.003" classname="org.artifactory.storage.db.fs.itest.service.PropertiesServiceImplTest"/>
  <testcase name="setProperties" time="0.018" classname="org.artifactory.storage.db.fs.itest.service.PropertiesServiceImplTest"/>
  <testcase name="hasPropertiesPathWithProperties" time="0.003" classname="org.artifactory.storage.db.fs.itest.service.PropertiesServiceImplTest"/>
  <testcase name="getPropertiesNodeWithNone" time="0.000" classname="org.artifactory.storage.db.fs.itest.service.PropertiesServiceImplTest"/>
  <testcase name="verifyDbResourcesReleased" time="0.000" classname="org.artifactory.storage.db.fs.itest.service.PropertiesServiceImplTest"/>
</testsuite> <!-- org.artifactory.storage.db.fs.itest.service.PropertiesServiceImplTest -->
