<?xml version="1.0" encoding="UTF-8"?>
<!-- Generated by org.testng.reporters.JUnitReportReporter -->
<testsuite hostname="pond.jfrog.org" name="org.artifactory.storage.db.fs.itest.dao.WatchesDaoTest" tests="14" failures="0" timestamp="13 May 2013 13:12:30 GMT" time="0.064" errors="0">
  <testcase name="getWatchesNodeWithWatches" time="0.002" classname="org.artifactory.storage.db.fs.itest.dao.WatchesDaoTest"/>
  <testcase name="getWatchesNodeWithoutWatches" time="0.001" classname="org.artifactory.storage.db.fs.itest.dao.WatchesDaoTest"/>
  <testcase name="insertWatch" time="0.008" classname="org.artifactory.storage.db.fs.itest.dao.WatchesDaoTest"/>
  <testcase name="hasWatchesNodeWithoutWatches" time="0.002" classname="org.artifactory.storage.db.fs.itest.dao.WatchesDaoTest"/>
  <testcase name="deleteAllUserWatchesNoSuchUser" time="0.001" classname="org.artifactory.storage.db.fs.itest.dao.WatchesDaoTest"/>
  <testcase name="verifyDbResourcesReleased" time="0.000" classname="org.artifactory.storage.db.fs.itest.dao.WatchesDaoTest"/>
  <testcase name="deleteWatchesNodeWithWatches" time="0.009" classname="org.artifactory.storage.db.fs.itest.dao.WatchesDaoTest"/>
  <testcase name="deleteAllUserWatches" time="0.009" classname="org.artifactory.storage.db.fs.itest.dao.WatchesDaoTest"/>
  <testcase name="getWatchesNodeNotExist" time="0.002" classname="org.artifactory.storage.db.fs.itest.dao.WatchesDaoTest"/>
  <testcase name="deleteWatchesNodeWithNoWatches" time="0.008" classname="org.artifactory.storage.db.fs.itest.dao.WatchesDaoTest"/>
  <testcase name="deleteUserWatches" time="0.009" classname="org.artifactory.storage.db.fs.itest.dao.WatchesDaoTest"/>
  <testcase name="deleteWatchesNonExistentNode" time="0.003" classname="org.artifactory.storage.db.fs.itest.dao.WatchesDaoTest"/>
  <testcase name="hasWatchesNodeWithWatches" time="0.002" classname="org.artifactory.storage.db.fs.itest.dao.WatchesDaoTest"/>
  <testcase name="hasWatchesNodeNotExist" time="0.008" classname="org.artifactory.storage.db.fs.itest.dao.WatchesDaoTest"/>
</testsuite> <!-- org.artifactory.storage.db.fs.itest.dao.WatchesDaoTest -->
