<?xml version="1.0" encoding="UTF-8"?>
<!-- Generated by org.testng.reporters.JUnitReportReporter -->
<testsuite hostname="pond.jfrog.org" name="org.artifactory.storage.db.binstore.itest.dao.BinariesDaoTest" tests="14" failures="0" timestamp="13 May 2013 13:12:30 GMT" time="0.130" errors="0">
  <testcase name="createBinary" time="0.004" classname="org.artifactory.storage.db.binstore.itest.dao.BinariesDaoTest"/>
  <testcase name="createExistingBinary" time="0.017" classname="org.artifactory.storage.db.binstore.itest.dao.BinariesDaoTest"/>
  <testcase name="findChecksumsByMd5" time="0.026" classname="org.artifactory.storage.db.binstore.itest.dao.BinariesDaoTest"/>
  <testcase name="binaryExists" time="0.002" classname="org.artifactory.storage.db.binstore.itest.dao.BinariesDaoTest"/>
  <testcase name="testDeleteEntries" time="0.020" classname="org.artifactory.storage.db.binstore.itest.dao.BinariesDaoTest"/>
  <testcase name="loadNonExistingNode" time="0.004" classname="org.artifactory.storage.db.binstore.itest.dao.BinariesDaoTest"/>
  <testcase name="testGetCountAndTotalSize" time="0.009" classname="org.artifactory.storage.db.binstore.itest.dao.BinariesDaoTest"/>
  <testcase name="testFindEmptyChecksumsBySha1" time="0.001" classname="org.artifactory.storage.db.binstore.itest.dao.BinariesDaoTest"/>
  <testcase name="verifyDbResourcesReleased" time="0.002" classname="org.artifactory.storage.db.binstore.itest.dao.BinariesDaoTest"/>
  <testcase name="binaryNotExists" time="0.009" classname="org.artifactory.storage.db.binstore.itest.dao.BinariesDaoTest"/>
  <testcase name="loadExistingNode" time="0.008" classname="org.artifactory.storage.db.binstore.itest.dao.BinariesDaoTest"/>
  <testcase name="findChecksumsBySha1" time="0.008" classname="org.artifactory.storage.db.binstore.itest.dao.BinariesDaoTest"/>
  <testcase name="testFindEmptyChecksumsByMd5" time="0.000" classname="org.artifactory.storage.db.binstore.itest.dao.BinariesDaoTest"/>
  <testcase name="findPotentialDeletion" time="0.020" classname="org.artifactory.storage.db.binstore.itest.dao.BinariesDaoTest"/>
</testsuite> <!-- org.artifactory.storage.db.binstore.itest.dao.BinariesDaoTest -->
