<?xml version="1.0" encoding="UTF-8"?>
<!-- Generated by org.testng.reporters.JUnitReportReporter -->
<testsuite hostname="pond.jfrog.org" name="org.artifactory.storage.db.fs.entity.NodeTest" tests="2" failures="0" timestamp="13 May 2013 13:12:12 GMT" time="0.000" errors="0">
  <testcase name="directoryConstructor" time="0.000" classname="org.artifactory.storage.db.fs.entity.NodeTest"/>
  <testcase name="fileConstructor" time="0.000" classname="org.artifactory.storage.db.fs.entity.NodeTest"/>
</testsuite> <!-- org.artifactory.storage.db.fs.entity.NodeTest -->
