<?xml version="1.0" encoding="UTF-8"?>
<!-- Generated by org.testng.reporters.JUnitReportReporter -->
<testsuite hostname="pond.jfrog.org" name="org.artifactory.update.security.v3.AnyRemoteConverterTest" tests="2" failures="0" timestamp="13 May 2013 13:11:48 GMT" time="0.025" errors="0">
  <testcase name="convertFileWithoutAnonymousRealOnAny" time="0.007" classname="org.artifactory.update.security.v3.AnyRemoteConverterTest"/>
  <testcase name="convertFileWithAnonymousRealOnAny" time="0.018" classname="org.artifactory.update.security.v3.AnyRemoteConverterTest"/>
</testsuite> <!-- org.artifactory.update.security.v3.AnyRemoteConverterTest -->
