<?xml version="1.0" encoding="UTF-8"?>
<!-- Generated by org.testng.reporters.JUnitReportReporter -->
<testsuite hostname="pond.jfrog.org" name="org.artifactory.update.security.v1.AclsConverterTest" tests="2" failures="0" timestamp="13 May 2013 13:11:48 GMT" time="0.034" errors="0">
  <testcase name="convertValidFile" time="0.015" classname="org.artifactory.update.security.v1.AclsConverterTest"/>
  <testcase name="convertOutputOfSimpleUserConverter" time="0.019" classname="org.artifactory.update.security.v1.AclsConverterTest"/>
</testsuite> <!-- org.artifactory.update.security.v1.AclsConverterTest -->
