<?xml version="1.0" encoding="UTF-8"?>
<!-- Generated by org.testng.reporters.JUnitReportReporter -->
<testsuite hostname="pond.jfrog.org" name="org.artifactory.update.security.SecurityVersionTest" tests="5" failures="0" timestamp="13 May 2013 13:11:48 GMT" time="0.172" errors="0">
  <testcase name="versionsCoverage" time="0.000" classname="org.artifactory.update.security.SecurityVersionTest"/>
  <testcase name="convertFromVersion2" time="0.023" classname="org.artifactory.update.security.SecurityVersionTest"/>
  <testcase name="convertFromVersion1Big" time="0.039" classname="org.artifactory.update.security.SecurityVersionTest"/>
  <testcase name="convertFromVersion1" time="0.084" classname="org.artifactory.update.security.SecurityVersionTest"/>
  <testcase name="convertFromVersion3" time="0.026" classname="org.artifactory.update.security.SecurityVersionTest"/>
</testsuite> <!-- org.artifactory.update.security.SecurityVersionTest -->
