<?xml version="1.0" encoding="UTF-8"?>
<!-- Generated by org.testng.reporters.JUnitReportReporter -->
<testsuite hostname="pond.jfrog.org" name="org.artifactory.update.security.v6.LdapGroupSettingConverterTest" tests="1" failures="0" timestamp="13 May 2013 13:11:48 GMT" time="0.010" errors="0">
  <testcase name="convertValidFile" time="0.010" classname="org.artifactory.update.security.v6.LdapGroupSettingConverterTest"/>
</testsuite> <!-- org.artifactory.update.security.v6.LdapGroupSettingConverterTest -->
