<?xml version="1.0" encoding="UTF-8"?>
<!-- Generated by org.testng.reporters.JUnitReportReporter -->
<testsuite hostname="pond.jfrog.org" name="org.artifactory.update.md.v130beta6.MetadataReader130beta6Test" tests="2" failures="0" timestamp="13 May 2013 13:11:48 GMT" time="0.020" errors="0">
  <testcase name="readFolderMetadata" time="0.008" classname="org.artifactory.update.md.v130beta6.MetadataReader130beta6Test"/>
  <testcase name="readFileMetadata" time="0.012" classname="org.artifactory.update.md.v130beta6.MetadataReader130beta6Test"/>
</testsuite> <!-- org.artifactory.update.md.v130beta6.MetadataReader130beta6Test -->
