<?xml version="1.0" encoding="UTF-8"?>
<!-- Generated by org.testng.reporters.JUnitReportReporter -->
<testsuite hostname="pond.jfrog.org" name="org.artifactory.update.test.ArtifactoryVersionTest" tests="1" failures="0" timestamp="13 May 2013 13:11:48 GMT" time="0.037" errors="0">
  <testcase name="testBackupPropertyFile" time="0.037" classname="org.artifactory.update.test.ArtifactoryVersionTest"/>
</testsuite> <!-- org.artifactory.update.test.ArtifactoryVersionTest -->
