<?xml version="1.0" encoding="UTF-8"?>
<!-- Generated by org.testng.reporters.JUnitReportReporter -->
<testsuite hostname="pond.jfrog.org" name="org.artifactory.update.md.MetadataVersionTest" tests="5" failures="0" timestamp="13 May 2013 13:11:48 GMT" time="0.007" errors="0">
  <testcase name="versionsCoverage" time="0.001" classname="org.artifactory.update.md.MetadataVersionTest"/>
  <testcase name="detectVersion30beta3" time="0.000" classname="org.artifactory.update.md.MetadataVersionTest"/>
  <testcase name="detectVersion125rc0" time="0.000" classname="org.artifactory.update.md.MetadataVersionTest"/>
  <testcase name="detectVersion30beta6" time="0.003" classname="org.artifactory.update.md.MetadataVersionTest"/>
  <testcase name="detectVersion230" time="0.003" classname="org.artifactory.update.md.MetadataVersionTest"/>
</testsuite> <!-- org.artifactory.update.md.MetadataVersionTest -->
