<?xml version="1.0" encoding="UTF-8"?>
<!-- Generated by org.testng.reporters.JUnitReportReporter -->
<testsuite hostname="pond.jfrog.org" name="org.artifactory.rest.resource.nuget.NuGetResourceTest" tests="18" failures="0" timestamp="13 May 2013 13:13:38 GMT" time="0.086" errors="0">
  <testcase name="testDownloadMethodPathAnnotation" time="0.001" classname="org.artifactory.rest.resource.nuget.NuGetResourceTest"/>
  <testcase name="testDownloadMethodCallsAddon" time="0.000" classname="org.artifactory.rest.resource.nuget.NuGetResourceTest"/>
  <testcase name="testMetadataDescriptorMethodPathAnnotation" time="0.001" classname="org.artifactory.rest.resource.nuget.NuGetResourceTest"/>
  <testcase name="testTestMethodPathAnnotation" time="0.000" classname="org.artifactory.rest.resource.nuget.NuGetResourceTest"/>
  <testcase name="testGetUpdatesMethodPathAnnotation" time="0.000" classname="org.artifactory.rest.resource.nuget.NuGetResourceTest"/>
  <testcase name="testPackagesMethodPathAnnotation" time="0.000" classname="org.artifactory.rest.resource.nuget.NuGetResourceTest"/>
  <testcase name="testPublishMethodCallsAddon" time="0.020" classname="org.artifactory.rest.resource.nuget.NuGetResourceTest"/>
  <testcase name="testNuGetTestMethodCallsAddon" time="0.000" classname="org.artifactory.rest.resource.nuget.NuGetResourceTest"/>
  <testcase name="testQueryMethodPathAnnotation" time="0.000" classname="org.artifactory.rest.resource.nuget.NuGetResourceTest"/>
  <testcase name="testMetadataDescriptorMethodCallsAddon" time="0.001" classname="org.artifactory.rest.resource.nuget.NuGetResourceTest"/>
  <testcase name="testQueryMethodCallsAddon" time="0.001" classname="org.artifactory.rest.resource.nuget.NuGetResourceTest"/>
  <testcase name="testDeleteMethodCallsAddon" time="0.035" classname="org.artifactory.rest.resource.nuget.NuGetResourceTest"/>
  <testcase name="testDeleteMethodPathAnnotation" time="0.003" classname="org.artifactory.rest.resource.nuget.NuGetResourceTest"/>
  <testcase name="testGetUpdatesQueryMethodCallsAddon" time="0.001" classname="org.artifactory.rest.resource.nuget.NuGetResourceTest"/>
  <testcase name="testPublishMethodPathAnnotation" time="0.006" classname="org.artifactory.rest.resource.nuget.NuGetResourceTest"/>
  <testcase name="testPackagesQueryMethodCallsAddon" time="0.001" classname="org.artifactory.rest.resource.nuget.NuGetResourceTest"/>
  <testcase name="testFindPackagesByIdQueryMethodCallsAddon" time="0.001" classname="org.artifactory.rest.resource.nuget.NuGetResourceTest"/>
  <testcase name="tesFindPackagesByIdMethodPathAnnotation" time="0.015" classname="org.artifactory.rest.resource.nuget.NuGetResourceTest"/>
</testsuite> <!-- org.artifactory.rest.resource.nuget.NuGetResourceTest -->
