<?xml version="1.0" encoding="UTF-8"?>
<!-- Generated by org.testng.reporters.JUnitReportReporter -->
<testsuite hostname="pond.jfrog.org" name="org.artifactory.rest.common.list.KeyValueListTest" tests="2" failures="0" timestamp="13 May 2013 13:13:38 GMT" time="0.381" errors="0">
  <testcase name="testToStringMap" time="0.000" classname="org.artifactory.rest.common.list.KeyValueListTest"/>
  <testcase name="testToPropertyMap" time="0.381" classname="org.artifactory.rest.common.list.KeyValueListTest"/>
</testsuite> <!-- org.artifactory.rest.common.list.KeyValueListTest -->
