<?xml version="1.0" encoding="UTF-8"?>
<!-- Generated by org.testng.reporters.JUnitReportReporter -->
<testsuite hostname="pond.jfrog.org" name="org.artifactory.webapp.wicket.page.browse.treebrowser.tabs.general.dependency.DependencyDeclarationProviderTypeTest" tests="1" failures="0" timestamp="13 May 2013 13:14:16 GMT" time="0.000" errors="0">
  <testcase name="testDefaultValues" time="0.000" classname="org.artifactory.webapp.wicket.page.browse.treebrowser.tabs.general.dependency.DependencyDeclarationProviderTypeTest"/>
</testsuite> <!-- org.artifactory.webapp.wicket.page.browse.treebrowser.tabs.general.dependency.DependencyDeclarationProviderTypeTest -->
