<?xml version="1.0" encoding="UTF-8"?>
<!-- Generated by org.testng.reporters.JUnitReportReporter -->
<testsuite hostname="pond.jfrog.org" name="org.artifactory.webapp.wicket.util.CronUtilsTest" tests="5" failures="0" timestamp="13 May 2013 13:14:16 GMT" time="0.053" errors="0">
  <testcase name="validExpression" time="0.003" classname="org.artifactory.webapp.wicket.util.CronUtilsTest"/>
  <testcase name="illegalExpression" time="0.001" classname="org.artifactory.webapp.wicket.util.CronUtilsTest"/>
  <testcase name="emptyExpression" time="0.044" classname="org.artifactory.webapp.wicket.util.CronUtilsTest"/>
  <testcase name="nullExpression" time="0.000" classname="org.artifactory.webapp.wicket.util.CronUtilsTest"/>
  <testcase name="nextRun" time="0.005" classname="org.artifactory.webapp.wicket.util.CronUtilsTest"/>
</testsuite> <!-- org.artifactory.webapp.wicket.util.CronUtilsTest -->
