<?xml version="1.0" encoding="UTF-8"?>
<!-- Generated by org.testng.reporters.JUnitReportReporter -->
<testsuite hostname="pond.jfrog.org" name="org.artifactory.webapp.wicket.util.DescriptionExtractorTest" tests="8" failures="0" timestamp="13 May 2013 13:14:16 GMT" time="0.346" errors="0">
  <testcase name="propertyWithoutDescription" time="0.025" classname="org.artifactory.webapp.wicket.util.DescriptionExtractorTest"/>
  <testcase name="noSuchProperty" time="0.002" classname="org.artifactory.webapp.wicket.util.DescriptionExtractorTest"/>
  <testcase name="simpleProperty" time="0.022" classname="org.artifactory.webapp.wicket.util.DescriptionExtractorTest"/>
  <testcase name="xmlTypeFromClass" time="0.002" classname="org.artifactory.webapp.wicket.util.DescriptionExtractorTest"/>
  <testcase name="inheritedProperty" time="0.173" classname="org.artifactory.webapp.wicket.util.DescriptionExtractorTest"/>
  <testcase name="propertyWithElementWrapper" time="0.061" classname="org.artifactory.webapp.wicket.util.DescriptionExtractorTest"/>
  <testcase name="simplePropertyDescriptionWithinCData" time="0.021" classname="org.artifactory.webapp.wicket.util.DescriptionExtractorTest"/>
  <testcase name="nestedProperty" time="0.040" classname="org.artifactory.webapp.wicket.util.DescriptionExtractorTest"/>
</testsuite> <!-- org.artifactory.webapp.wicket.util.DescriptionExtractorTest -->
