<?xml version="1.0" encoding="UTF-8"?>
<!-- Generated by org.testng.reporters.JUnitReportReporter -->
<testsuite hostname="pond.jfrog.org" name="org.artifactory.webapp.wicket.util.CssClassTest" tests="7" failures="0" timestamp="13 May 2013 13:14:16 GMT" time="0.038" errors="0">
  <testcase name="parentCss" time="0.000" classname="org.artifactory.webapp.wicket.util.CssClassTest"/>
  <testcase name="jarCss" time="0.001" classname="org.artifactory.webapp.wicket.util.CssClassTest"/>
  <testcase name="pomCss" time="0.001" classname="org.artifactory.webapp.wicket.util.CssClassTest"/>
  <testcase name="genericCss" time="0.033" classname="org.artifactory.webapp.wicket.util.CssClassTest"/>
  <testcase name="rarCss" time="0.002" classname="org.artifactory.webapp.wicket.util.CssClassTest"/>
  <testcase name="zipAsDocCss" time="0.000" classname="org.artifactory.webapp.wicket.util.CssClassTest"/>
  <testcase name="genericCss2" time="0.001" classname="org.artifactory.webapp.wicket.util.CssClassTest"/>
</testsuite> <!-- org.artifactory.webapp.wicket.util.CssClassTest -->
