<?xml version="1.0" encoding="UTF-8"?>
<!-- Generated by org.testng.reporters.JUnitReportReporter -->
<testsuite hostname="pond.jfrog.org" name="org.artifactory.webapp.wicket.util.validation.UriValidatorTest" tests="5" failures="0" timestamp="13 May 2013 13:14:16 GMT" time="0.079" errors="0">
  <testcase name="httpHostnameWithUnderscore" time="0.031" classname="org.artifactory.webapp.wicket.util.validation.UriValidatorTest"/>
  <testcase name="httpHostname" time="0.043" classname="org.artifactory.webapp.wicket.util.validation.UriValidatorTest"/>
  <testcase name="httpIp" time="0.001" classname="org.artifactory.webapp.wicket.util.validation.UriValidatorTest"/>
  <testcase name="invalidHostname" time="0.004" classname="org.artifactory.webapp.wicket.util.validation.UriValidatorTest"/>
  <testcase name="invalidSchema" time="0.000" classname="org.artifactory.webapp.wicket.util.validation.UriValidatorTest"/>
</testsuite> <!-- org.artifactory.webapp.wicket.util.validation.UriValidatorTest -->
