<?xml version="1.0" encoding="UTF-8"?>
<!-- Generated by org.testng.reporters.JUnitReportReporter -->
<testsuite hostname="pond.jfrog.org" name="org.artifactory.webapp.wicket.util.ListPropertySorterTest" tests="4" failures="0" timestamp="13 May 2013 13:13:58 GMT" time="0.431" errors="0">
  <testcase name="ascendingAndDescendingIntProperty" time="0.426" classname="org.artifactory.webapp.wicket.util.ListPropertySorterTest"/>
  <testcase name="ascendingAndDescendingStringProperty" time="0.000" classname="org.artifactory.webapp.wicket.util.ListPropertySorterTest"/>
  <testcase name="nullSortParam" time="0.004" classname="org.artifactory.webapp.wicket.util.ListPropertySorterTest"/>
  <testcase name="stringPropertiesAreNotCaseSensitive" time="0.001" classname="org.artifactory.webapp.wicket.util.ListPropertySorterTest"/>
</testsuite> <!-- org.artifactory.webapp.wicket.util.ListPropertySorterTest -->
