<?xml version="1.0" encoding="UTF-8"?>
<!-- Generated by org.testng.reporters.JUnitReportReporter -->
<testsuite hostname="pond.jfrog.org" name="org.artifactory.api.search.SavedSearchResultsTest" tests="5" failures="0" timestamp="13 May 2013 13:12:36 GMT" time="0.015" errors="0">
  <testcase name="subtractResults" time="0.000" classname="org.artifactory.api.search.SavedSearchResultsTest"/>
  <testcase name="mergeResults" time="0.000" classname="org.artifactory.api.search.SavedSearchResultsTest"/>
  <testcase name="addResultsWithDuplicates" time="0.008" classname="org.artifactory.api.search.SavedSearchResultsTest"/>
  <testcase name="intersectResults" time="0.003" classname="org.artifactory.api.search.SavedSearchResultsTest"/>
  <testcase name="defaultConstructor" time="0.004" classname="org.artifactory.api.search.SavedSearchResultsTest"/>
</testsuite> <!-- org.artifactory.api.search.SavedSearchResultsTest -->
