<?xml version="1.0" encoding="UTF-8"?>
<!-- Generated by org.testng.reporters.JUnitReportReporter -->
<testsuite hostname="pond.jfrog.org" name="org.artifactory.api.security.UserInfoBuilderTest" tests="4" failures="0" timestamp="13 May 2013 13:12:36 GMT" time="0.004" errors="0">
  <testcase name="noUsernameBuild" time="0.000" classname="org.artifactory.api.security.UserInfoBuilderTest"/>
  <testcase name="minimalBuild" time="0.000" classname="org.artifactory.api.security.UserInfoBuilderTest"/>
  <testcase name="saltBuild" time="0.000" classname="org.artifactory.api.security.UserInfoBuilderTest"/>
  <testcase name="emailBuild" time="0.004" classname="org.artifactory.api.security.UserInfoBuilderTest"/>
</testsuite> <!-- org.artifactory.api.security.UserInfoBuilderTest -->
