<?xml version="1.0" encoding="UTF-8"?>
<!-- Generated by org.testng.reporters.JUnitReportReporter -->
<testsuite hostname="pond.jfrog.org" name="org.artifactory.storage.fs.tree.file.JavaIOFileAdapterTest" tests="2" failures="0" timestamp="13 May 2013 13:11:42 GMT" time="0.004" errors="0">
  <testcase name="fileInfoAdapter" time="0.002" classname="org.artifactory.storage.fs.tree.file.JavaIOFileAdapterTest"/>
  <testcase name="folderInfoAdapter" time="0.002" classname="org.artifactory.storage.fs.tree.file.JavaIOFileAdapterTest"/>
</testsuite> <!-- org.artifactory.storage.fs.tree.file.JavaIOFileAdapterTest -->
