<?xml version="1.0" encoding="UTF-8"?>
<!-- Generated by org.testng.reporters.JUnitReportReporter -->
<testsuite hostname="pond.jfrog.org" name="org.artifactory.model.xstream.fs.PropertiesImplTest" tests="2" failures="0" timestamp="13 May 2013 13:11:42 GMT" time="0.001" errors="0">
  <testcase name="isEmpty" time="0.000" classname="org.artifactory.model.xstream.fs.PropertiesImplTest"/>
  <testcase name="isEmptyAndNormalProperty" time="0.001" classname="org.artifactory.model.xstream.fs.PropertiesImplTest"/>
</testsuite> <!-- org.artifactory.model.xstream.fs.PropertiesImplTest -->
