<?xml version="1.0" encoding="UTF-8"?>
<!-- Generated by org.testng.reporters.JUnitReportReporter -->
<testsuite hostname="pond.jfrog.org" name="org.artifactory.factory.xstream.PropertiesConverterTest" tests="1" failures="0" timestamp="13 May 2013 13:11:42 GMT" time="0.027" errors="0">
  <testcase name="testConversion" time="0.027" classname="org.artifactory.factory.xstream.PropertiesConverterTest"/>
</testsuite> <!-- org.artifactory.factory.xstream.PropertiesConverterTest -->
