<?xml version="1.0" encoding="UTF-8"?>
<!-- Generated by org.testng.reporters.JUnitReportReporter -->
<testsuite hostname="pond.jfrog.org" name="org.artifactory.api.security.AceInfoTest" tests="8" failures="0" timestamp="13 May 2013 13:11:42 GMT" time="0.043" errors="0">
  <testcase name="adminMaskOnly" time="0.033" classname="org.artifactory.api.security.AceInfoTest"/>
  <testcase name="deployerMaskOnly" time="0.000" classname="org.artifactory.api.security.AceInfoTest"/>
  <testcase name="deleterMaskOnly" time="0.000" classname="org.artifactory.api.security.AceInfoTest"/>
  <testcase name="readerMaskOnly" time="0.000" classname="org.artifactory.api.security.AceInfoTest"/>
  <testcase name="annotatorMaskOnly" time="0.000" classname="org.artifactory.api.security.AceInfoTest"/>
  <testcase name="copyConstructorReflectionEquality" time="0.010" classname="org.artifactory.api.security.AceInfoTest"/>
  <testcase name="copyConstructor" time="0.000" classname="org.artifactory.api.security.AceInfoTest"/>
  <testcase name="allMasks" time="0.000" classname="org.artifactory.api.security.AceInfoTest"/>
</testsuite> <!-- org.artifactory.api.security.AceInfoTest -->
