<?xml version="1.0" encoding="UTF-8"?>
<!-- Generated by org.testng.reporters.JUnitReportReporter -->
<testsuite hostname="pond.jfrog.org" name="org.artifactory.storage.StoragePropertiesTest" tests="3" failures="0" timestamp="13 May 2013 13:11:42 GMT" time="0.007" errors="0">
  <testcase name="minimalPropertiesFile" time="0.004" classname="org.artifactory.storage.StoragePropertiesTest"/>
  <testcase name="failUnsupportedDatabaseType" time="0.003" classname="org.artifactory.storage.StoragePropertiesTest"/>
  <testcase name="minimalWithCacheSize" time="0.000" classname="org.artifactory.storage.StoragePropertiesTest"/>
</testsuite> <!-- org.artifactory.storage.StoragePropertiesTest -->
