<?xml version="1.0" encoding="UTF-8"?>
<!-- Generated by org.testng.reporters.JUnitReportReporter -->
<testsuite hostname="pond.jfrog.org" name="org.artifactory.api.fs.FileInfoImplTest" tests="1" failures="0" timestamp="13 May 2013 13:11:42 GMT" time="0.025" errors="0">
  <testcase name="differentChecksumNotIdentical" time="0.025" classname="org.artifactory.api.fs.FileInfoImplTest"/>
</testsuite> <!-- org.artifactory.api.fs.FileInfoImplTest -->
