<?xml version="1.0" encoding="UTF-8"?>
<!-- Generated by org.testng.reporters.JUnitReportReporter -->
<testsuite hostname="pond.jfrog.org" name="org.artifactory.api.security.GroupInfoTest" tests="2" failures="0" timestamp="13 May 2013 13:11:42 GMT" time="0.001" errors="0">
  <testcase name="defaultConstructor" time="0.000" classname="org.artifactory.api.security.GroupInfoTest"/>
  <testcase name="copyConstructor" time="0.001" classname="org.artifactory.api.security.GroupInfoTest"/>
</testsuite> <!-- org.artifactory.api.security.GroupInfoTest -->
