<?xml version="1.0" encoding="UTF-8"?>
<!-- Generated by org.testng.reporters.JUnitReportReporter -->
<testsuite hostname="pond.jfrog.org" name="org.artifactory.storage.db.DbTypeTest" tests="5" failures="0" timestamp="13 May 2013 13:11:42 GMT" time="0.004" errors="0">
  <testcase name="parseNotSupported" time="0.001" classname="org.artifactory.storage.db.DbTypeTest"/>
  <testcase name="parseSupportedCapitals" time="0.000" classname="org.artifactory.storage.db.DbTypeTest"/>
  <testcase name="parseEmpty" time="0.002" classname="org.artifactory.storage.db.DbTypeTest"/>
  <testcase name="parseSupported" time="0.000" classname="org.artifactory.storage.db.DbTypeTest"/>
  <testcase name="parseNull" time="0.001" classname="org.artifactory.storage.db.DbTypeTest"/>
</testsuite> <!-- org.artifactory.storage.db.DbTypeTest -->
