<?xml version="1.0" encoding="UTF-8"?>
<!-- Generated by org.testng.reporters.JUnitReportReporter -->
<testsuite hostname="pond.jfrog.org" name="org.artifactory.webapp.wicket.page.browse.treebrowser.tabs.general.dependency.GradleDependencyDeclarationProviderTest" tests="9" failures="0" timestamp="13 May 2013 13:14:16 GMT" time="0.027" errors="0">
  <testcase name="testGetDependencyDeclarationWithMinimalParams" time="0.001" classname="org.artifactory.webapp.wicket.page.browse.treebrowser.tabs.general.dependency.GradleDependencyDeclarationProviderTest"/>
  <testcase name="testGetDependencyDeclarationWithArtifactRevisionAndClassifier" time="0.002" classname="org.artifactory.webapp.wicket.page.browse.treebrowser.tabs.general.dependency.GradleDependencyDeclarationProviderTest"/>
  <testcase name="testGetDependencyDeclarationWithAllParams" time="0.010" classname="org.artifactory.webapp.wicket.page.browse.treebrowser.tabs.general.dependency.GradleDependencyDeclarationProviderTest"/>
  <testcase name="testGetDependencyDeclarationWithArtifactRevisionAndExt" time="0.000" classname="org.artifactory.webapp.wicket.page.browse.treebrowser.tabs.general.dependency.GradleDependencyDeclarationProviderTest"/>
  <testcase name="testGetSyntaxType" time="0.010" classname="org.artifactory.webapp.wicket.page.browse.treebrowser.tabs.general.dependency.GradleDependencyDeclarationProviderTest"/>
  <testcase name="testGetDependencyDeclarationWithArtifactRevision" time="0.002" classname="org.artifactory.webapp.wicket.page.browse.treebrowser.tabs.general.dependency.GradleDependencyDeclarationProviderTest"/>
  <testcase name="testGetDependencyDeclarationWithExt" time="0.000" classname="org.artifactory.webapp.wicket.page.browse.treebrowser.tabs.general.dependency.GradleDependencyDeclarationProviderTest"/>
  <testcase name="testGetDependencyDeclarationWithClassifier" time="0.001" classname="org.artifactory.webapp.wicket.page.browse.treebrowser.tabs.general.dependency.GradleDependencyDeclarationProviderTest"/>
  <testcase name="testGetDependencyDeclarationWithClassifierAndExt" time="0.001" classname="org.artifactory.webapp.wicket.page.browse.treebrowser.tabs.general.dependency.GradleDependencyDeclarationProviderTest"/>
</testsuite> <!-- org.artifactory.webapp.wicket.page.browse.treebrowser.tabs.general.dependency.GradleDependencyDeclarationProviderTest -->
