<?xml version="1.0" encoding="UTF-8"?>
<!-- Generated by org.testng.reporters.JUnitReportReporter -->
<testsuite hostname="pond.jfrog.org" name="org.artifactory.addon.wicket.WicketAddonsImplTest" tests="4" failures="0" timestamp="13 May 2013 13:14:16 GMT" time="0.006" errors="0">
  <testcase name="testValidateLicenseTargetIsTrial" time="0.001" classname="org.artifactory.addon.wicket.WicketAddonsImplTest"/>
  <testcase name="testValidateLicenseTargetIsnullPro" time="0.004" classname="org.artifactory.addon.wicket.WicketAddonsImplTest"/>
  <testcase name="testValidateLicenseTargetISame" time="0.001" classname="org.artifactory.addon.wicket.WicketAddonsImplTest"/>
  <testcase name="testValidateLicenseTargetIsnullOSS" time="0.000" classname="org.artifactory.addon.wicket.WicketAddonsImplTest"/>
</testsuite> <!-- org.artifactory.addon.wicket.WicketAddonsImplTest -->
