<?xml version="1.0" encoding="UTF-8"?>
<!-- Generated by org.testng.reporters.JUnitReportReporter -->
<testsuite hostname="pond.jfrog.org" name="org.artifactory.api.request.TranslatedArtifactoryRequestTest" tests="24" failures="0" timestamp="13 May 2013 13:12:36 GMT" time="0.019" errors="0">
  <testcase name="testGetServletContextUrl" time="0.001" classname="org.artifactory.api.request.TranslatedArtifactoryRequestTest"/>
  <testcase name="testIsRecursive" time="0.001" classname="org.artifactory.api.request.TranslatedArtifactoryRequestTest"/>
  <testcase name="testGetParameter" time="0.002" classname="org.artifactory.api.request.TranslatedArtifactoryRequestTest"/>
  <testcase name="testIsHeadOnly" time="0.000" classname="org.artifactory.api.request.TranslatedArtifactoryRequestTest"/>
  <testcase name="testIsChecksum" time="0.001" classname="org.artifactory.api.request.TranslatedArtifactoryRequestTest"/>
  <testcase name="testGetHeader" time="0.000" classname="org.artifactory.api.request.TranslatedArtifactoryRequestTest"/>
  <testcase name="testGetContentLength" time="0.001" classname="org.artifactory.api.request.TranslatedArtifactoryRequestTest"/>
  <testcase name="testGetInputStream" time="0.002" classname="org.artifactory.api.request.TranslatedArtifactoryRequestTest"/>
  <testcase name="testIsFromAnotherArtifactory" time="0.000" classname="org.artifactory.api.request.TranslatedArtifactoryRequestTest"/>
  <testcase name="testIsNewerThan" time="0.001" classname="org.artifactory.api.request.TranslatedArtifactoryRequestTest"/>
  <testcase name="testGetSourceDescription" time="0.001" classname="org.artifactory.api.request.TranslatedArtifactoryRequestTest"/>
  <testcase name="testGetParameterValues" time="0.000" classname="org.artifactory.api.request.TranslatedArtifactoryRequestTest"/>
  <testcase name="testGetRepoPath" time="0.000" classname="org.artifactory.api.request.TranslatedArtifactoryRequestTest"/>
  <testcase name="testGetRepoKey" time="0.000" classname="org.artifactory.api.request.TranslatedArtifactoryRequestTest"/>
  <testcase name="testGetIfModifiedSince" time="0.001" classname="org.artifactory.api.request.TranslatedArtifactoryRequestTest"/>
  <testcase name="testGetPath" time="0.001" classname="org.artifactory.api.request.TranslatedArtifactoryRequestTest"/>
  <testcase name="testGetLastModified" time="0.001" classname="org.artifactory.api.request.TranslatedArtifactoryRequestTest"/>
  <testcase name="testHasProperties" time="0.000" classname="org.artifactory.api.request.TranslatedArtifactoryRequestTest"/>
  <testcase name="testGetUri" time="0.001" classname="org.artifactory.api.request.TranslatedArtifactoryRequestTest"/>
  <testcase name="testGetModificationTime" time="0.001" classname="org.artifactory.api.request.TranslatedArtifactoryRequestTest"/>
  <testcase name="testGetProperties" time="0.002" classname="org.artifactory.api.request.TranslatedArtifactoryRequestTest"/>
  <testcase name="testGetName" time="0.001" classname="org.artifactory.api.request.TranslatedArtifactoryRequestTest"/>
  <testcase name="testToString" time="0.000" classname="org.artifactory.api.request.TranslatedArtifactoryRequestTest"/>
  <testcase name="testIsMetadata" time="0.001" classname="org.artifactory.api.request.TranslatedArtifactoryRequestTest"/>
</testsuite> <!-- org.artifactory.api.request.TranslatedArtifactoryRequestTest -->
