<?xml version="1.0" encoding="UTF-8"?>
<!-- Generated by org.testng.reporters.JUnitReportReporter -->
<testsuite hostname="pond.jfrog.org" name="org.artifactory.api.request.ArtifactoryRequestTest" tests="7" failures="0" timestamp="13 May 2013 13:12:36 GMT" time="0.048" errors="0">
  <testcase name="zipResourceRelative" time="0.001" classname="org.artifactory.api.request.ArtifactoryRequestTest"/>
  <testcase name="zipResourceEmptyPath" time="0.002" classname="org.artifactory.api.request.ArtifactoryRequestTest"/>
  <testcase name="pathsWithSpaces" time="0.000" classname="org.artifactory.api.request.ArtifactoryRequestTest"/>
  <testcase name="pathWithNonAscii" time="0.028" classname="org.artifactory.api.request.ArtifactoryRequestTest"/>
  <testcase name="matrixParamsWithEncodedValues" time="0.000" classname="org.artifactory.api.request.ArtifactoryRequestTest"/>
  <testcase name="matrixParams" time="0.016" classname="org.artifactory.api.request.ArtifactoryRequestTest"/>
  <testcase name="zipResourceAbsolute" time="0.001" classname="org.artifactory.api.request.ArtifactoryRequestTest"/>
</testsuite> <!-- org.artifactory.api.request.ArtifactoryRequestTest -->
