<?xml version="1.0" encoding="UTF-8"?>
<!-- Generated by org.testng.reporters.JUnitReportReporter -->
<testsuite hostname="pond.jfrog.org" name="org.artifactory.api.fs.VersionUnitTest" tests="2" failures="0" timestamp="13 May 2013 13:12:36 GMT" time="0.016" errors="0">
  <testcase name="nodeConstructor" time="0.003" classname="org.artifactory.api.fs.VersionUnitTest"/>
  <testcase name="invalidPath" time="0.013" classname="org.artifactory.api.fs.VersionUnitTest"/>
</testsuite> <!-- org.artifactory.api.fs.VersionUnitTest -->
