<?xml version="1.0" encoding="UTF-8"?>
<!-- Generated by org.testng.reporters.JUnitReportReporter -->
<testsuite hostname="pond.jfrog.org" name="org.artifactory.api.maven.MavenArtifactInfoTest" tests="14" failures="0" timestamp="13 May 2013 13:12:36 GMT" time="0.045" errors="0">
  <testcase name="fromPathUniqueSnapshotVersion" time="0.001" classname="org.artifactory.api.maven.MavenArtifactInfoTest"/>
  <testcase name="testClassifierWithDotAndNumber" time="0.003" classname="org.artifactory.api.maven.MavenArtifactInfoTest"/>
  <testcase name="fromPathWithClassifier" time="0.002" classname="org.artifactory.api.maven.MavenArtifactInfoTest"/>
  <testcase name="fromSimplePath" time="0.002" classname="org.artifactory.api.maven.MavenArtifactInfoTest"/>
  <testcase name="testTarGz" time="0.001" classname="org.artifactory.api.maven.MavenArtifactInfoTest"/>
  <testcase name="fileExtensionAsNumber" time="0.006" classname="org.artifactory.api.maven.MavenArtifactInfoTest"/>
  <testcase name="fromPathWithNoGroupId" time="0.000" classname="org.artifactory.api.maven.MavenArtifactInfoTest"/>
  <testcase name="testCustomUserType" time="0.002" classname="org.artifactory.api.maven.MavenArtifactInfoTest"/>
  <testcase name="fromPathNonUniqueSnapshotVersion" time="0.015" classname="org.artifactory.api.maven.MavenArtifactInfoTest"/>
  <testcase name="fromPathWithOneDigitVersion" time="0.003" classname="org.artifactory.api.maven.MavenArtifactInfoTest"/>
  <testcase name="fromInvalidPath" time="0.001" classname="org.artifactory.api.maven.MavenArtifactInfoTest"/>
  <testcase name="testClassifierWithDot" time="0.000" classname="org.artifactory.api.maven.MavenArtifactInfoTest"/>
  <testcase name="fromPathUniqueMd5SnapshotVersion" time="0.008" classname="org.artifactory.api.maven.MavenArtifactInfoTest"/>
  <testcase name="testConfigPath" time="0.001" classname="org.artifactory.api.maven.MavenArtifactInfoTest"/>
</testsuite> <!-- org.artifactory.api.maven.MavenArtifactInfoTest -->
