<?xml version="1.0" encoding="UTF-8"?>
<!-- Generated by org.testng.reporters.JUnitReportReporter -->
<testsuite hostname="pond.jfrog.org" name="org.artifactory.update.md.v130beta6.ChecksumsConverterTest" tests="1" failures="0" timestamp="13 May 2013 13:11:48 GMT" time="0.131" errors="0">
  <testcase name="convertValidFile" time="0.131" classname="org.artifactory.update.md.v130beta6.ChecksumsConverterTest"/>
</testsuite> <!-- org.artifactory.update.md.v130beta6.ChecksumsConverterTest -->
