<?xml version="1.0" encoding="UTF-8"?>
<!-- Generated by org.testng.reporters.JUnitReportReporter -->
<testsuite hostname="pond.jfrog.org" name="org.artifactory.update.security.SecurityInfoReaderTest" tests="2" failures="0" timestamp="13 May 2013 13:11:48 GMT" time="0.350" errors="0">
  <testcase name="readVersion5" time="0.032" classname="org.artifactory.update.security.SecurityInfoReaderTest"/>
  <testcase name="readAllVersions" time="0.318" classname="org.artifactory.update.security.SecurityInfoReaderTest"/>
</testsuite> <!-- org.artifactory.update.security.SecurityInfoReaderTest -->
