<?xml version="1.0" encoding="UTF-8"?>
<!-- Generated by org.testng.reporters.JUnitReportReporter -->
<testsuite hostname="pond.jfrog.org" name="org.artifactory.update.test.ReadOldBackupsTest" tests="2" failures="0" timestamp="13 May 2013 13:11:48 GMT" time="0.102" errors="0">
  <testcase name="testReadingVersion" time="0.032" classname="org.artifactory.update.test.ReadOldBackupsTest"/>
  <testcase name="testSecurityConversion" time="0.070" classname="org.artifactory.update.test.ReadOldBackupsTest"/>
</testsuite> <!-- org.artifactory.update.test.ReadOldBackupsTest -->
