<?xml version="1.0" encoding="UTF-8"?>
<!-- Generated by org.testng.reporters.JUnitReportReporter -->
<testsuite hostname="pond.jfrog.org" name="org.artifactory.update.md.v125rc0.MetadataReader125Test" tests="2" failures="0" timestamp="13 May 2013 13:11:48 GMT" time="0.046" errors="0">
  <testcase name="readFileMetadata" time="0.036" classname="org.artifactory.update.md.v125rc0.MetadataReader125Test"/>
  <testcase name="readFolderMetadata" time="0.010" classname="org.artifactory.update.md.v125rc0.MetadataReader125Test"/>
</testsuite> <!-- org.artifactory.update.md.v125rc0.MetadataReader125Test -->
