<?xml version="1.0" encoding="UTF-8"?>
<!-- Generated by org.testng.reporters.JUnitReportReporter -->
<testsuite hostname="pond.jfrog.org" name="org.artifactory.update.md.v130beta6.FolderAdditionalInfoNameConverterTest" tests="1" failures="0" timestamp="13 May 2013 13:11:48 GMT" time="0.011" errors="0">
  <testcase name="convertValidFolderInfo" time="0.011" classname="org.artifactory.update.md.v130beta6.FolderAdditionalInfoNameConverterTest"/>
</testsuite> <!-- org.artifactory.update.md.v130beta6.FolderAdditionalInfoNameConverterTest -->
