<?xml version="1.0" encoding="UTF-8"?>
<!-- Generated by org.testng.reporters.JUnitReportReporter -->
<testsuite hostname="pond.jfrog.org" name="org.artifactory.update.md.v130beta3.MetadataReader130beta3Test" tests="2" failures="0" timestamp="13 May 2013 13:11:48 GMT" time="0.047" errors="0">
  <testcase name="readFolderMetadata" time="0.013" classname="org.artifactory.update.md.v130beta3.MetadataReader130beta3Test"/>
  <testcase name="readFileMetadata" time="0.034" classname="org.artifactory.update.md.v130beta3.MetadataReader130beta3Test"/>
</testsuite> <!-- org.artifactory.update.md.v130beta3.MetadataReader130beta3Test -->
