<?xml version="1.0" encoding="UTF-8"?>
<!-- Generated by org.testng.reporters.JUnitReportReporter -->
<testsuite hostname="pond.jfrog.org" name="org.artifactory.update.security.v1.UserPermissionsConverterTest" tests="1" failures="0" timestamp="13 May 2013 13:11:48 GMT" time="0.008" errors="0">
  <testcase name="convertOutputOfSimpleUserConverter" time="0.008" classname="org.artifactory.update.security.v1.UserPermissionsConverterTest"/>
</testsuite> <!-- org.artifactory.update.security.v1.UserPermissionsConverterTest -->
